[Thu Jun 08 13:59:00.965630 2017] [wsgi:error] [pid 2484:tid 3050523456] [remote 127.0.0.1:65535] mod_wsgi (pid=2484): Target WSGI script '/home/pract/project_base/sportbase/django_wsgi.py' cannot be loaded as Python module.
[Thu Jun 08 13:59:00.966371 2017] [wsgi:error] [pid 2484:tid 3050523456] [remote 127.0.0.1:65535] mod_wsgi (pid=2484): Exception occurred processing WSGI script '/home/pract/project_base/sportbase/django_wsgi.py'.
[Thu Jun 08 13:59:00.966399 2017] [wsgi:error] [pid 2484:tid 3050523456] [remote 127.0.0.1:65535] Traceback (most recent call last):
[Thu Jun 08 13:59:00.966425 2017] [wsgi:error] [pid 2484:tid 3050523456] [remote 127.0.0.1:65535]   File "/home/pract/project_base/sportbase/django_wsgi.py", line 19, in <module>
[Thu Jun 08 13:59:00.966548 2017] [wsgi:error] [pid 2484:tid 3050523456] [remote 127.0.0.1:65535]     from django.core.wsgi import get_wsgi_application
[Thu Jun 08 13:59:00.966571 2017] [wsgi:error] [pid 2484:tid 3050523456] [remote 127.0.0.1:65535] ImportError: No module named django.core.wsgi
[Thu Jun 08 14:01:04.777789 2017] [wsgi:error] [pid 2613:tid 3050523456] [remote 127.0.0.1:65535] mod_wsgi (pid=2613): Target WSGI script '/home/pract/project_base/sportbase/django_wsgi.py' cannot be loaded as Python module.
[Thu Jun 08 14:01:04.777884 2017] [wsgi:error] [pid 2613:tid 3050523456] [remote 127.0.0.1:65535] mod_wsgi (pid=2613): Exception occurred processing WSGI script '/home/pract/project_base/sportbase/django_wsgi.py'.
[Thu Jun 08 14:01:04.777937 2017] [wsgi:error] [pid 2613:tid 3050523456] [remote 127.0.0.1:65535] Traceback (most recent call last):
[Thu Jun 08 14:01:04.777973 2017] [wsgi:error] [pid 2613:tid 3050523456] [remote 127.0.0.1:65535]   File "/home/pract/project_base/sportbase/django_wsgi.py", line 19, in <module>
[Thu Jun 08 14:01:04.778064 2017] [wsgi:error] [pid 2613:tid 3050523456] [remote 127.0.0.1:65535]     from django.core.wsgi import get_wsgi_application
[Thu Jun 08 14:01:04.778085 2017] [wsgi:error] [pid 2613:tid 3050523456] [remote 127.0.0.1:65535] ImportError: No module named django.core.wsgi
[Thu Jun 08 14:01:08.189463 2017] [wsgi:error] [pid 2614:tid 3033738048] [remote 127.0.0.1:65535] mod_wsgi (pid=2614): Target WSGI script '/home/pract/project_base/sportbase/django_wsgi.py' cannot be loaded as Python module.
[Thu Jun 08 14:01:08.189583 2017] [wsgi:error] [pid 2614:tid 3033738048] [remote 127.0.0.1:65535] mod_wsgi (pid=2614): Exception occurred processing WSGI script '/home/pract/project_base/sportbase/django_wsgi.py'.
[Thu Jun 08 14:01:08.189606 2017] [wsgi:error] [pid 2614:tid 3033738048] [remote 127.0.0.1:65535] Traceback (most recent call last):
[Thu Jun 08 14:01:08.189632 2017] [wsgi:error] [pid 2614:tid 3033738048] [remote 127.0.0.1:65535]   File "/home/pract/project_base/sportbase/django_wsgi.py", line 19, in <module>
[Thu Jun 08 14:01:08.189729 2017] [wsgi:error] [pid 2614:tid 3033738048] [remote 127.0.0.1:65535]     from django.core.wsgi import get_wsgi_application
[Thu Jun 08 14:01:08.189761 2017] [wsgi:error] [pid 2614:tid 3033738048] [remote 127.0.0.1:65535] ImportError: No module named django.core.wsgi
[Thu Jun 08 14:17:51.165825 2017] [wsgi:error] [pid 2934:tid 3050523456] Not Found: /\\static\\jqueryui\\jquery-ui.min.js
[Thu Jun 08 14:17:52.364668 2017] [wsgi:error] [pid 2933:tid 3050523456] Not Found: /\\static\\jqueryui\\jquery-ui.theme.css
[Thu Jun 08 14:17:52.373925 2017] [wsgi:error] [pid 2933:tid 3033738048] Not Found: /\\static\\jqueryui\\jquery-ui.min.css
[Thu Jun 08 14:17:52.512688 2017] [wsgi:error] [pid 2933:tid 3042130752] Not Found: /\\static\\jqueryui\\jquery-ui.min.js
[Thu Jun 08 14:17:58.560615 2017] [wsgi:error] [pid 2933:tid 3033738048] Not Found: /\\static\\jqueryui\\jquery-ui.min.css
[Thu Jun 08 14:17:58.567369 2017] [wsgi:error] [pid 2934:tid 3050523456] Not Found: /\\static\\jqueryui\\jquery-ui.theme.css
[Thu Jun 08 14:17:58.580470 2017] [wsgi:error] [pid 2933:tid 3042130752] Not Found: /\\static\\jqueryui\\jquery-ui.min.js
[Thu Jun 08 14:17:58.809181 2017] [wsgi:error] [pid 2934:tid 3042130752] Not Found: /\\static\\jqueryui\\jquery-ui.min.js
[Fri Jun 09 13:27:08.203368 2017] [wsgi:error] [pid 1796:tid 3025693504] Not Found: /\\static\\jqueryui\\jquery-ui.theme.css
[Fri Jun 09 13:27:09.839566 2017] [wsgi:error] [pid 1797:tid 3042478912] Not Found: /\\static\\jqueryui\\jquery-ui.min.css
[Fri Jun 09 13:27:09.841399 2017] [wsgi:error] [pid 1797:tid 3050871616] Not Found: /\\static\\jqueryui\\jquery-ui.min.js
[Fri Jun 09 13:27:10.105339 2017] [wsgi:error] [pid 1796:tid 3050871616] Not Found: /\\static\\jqueryui\\jquery-ui.min.js
[Fri Jun 09 13:27:10.545697 2017] [wsgi:error] [pid 1797:tid 3025693504] Not Found: /favicon.ico
[Fri Jun 09 13:27:12.935543 2017] [wsgi:error] [pid 1797:tid 3042478912] Not Found: /\\static\\jqueryui\\jquery-ui.min.css
[Fri Jun 09 13:27:12.944681 2017] [wsgi:error] [pid 1796:tid 3050871616] Not Found: /\\static\\jqueryui\\jquery-ui.theme.css
[Fri Jun 09 13:27:12.950521 2017] [wsgi:error] [pid 1797:tid 3025693504] Not Found: /\\static\\jqueryui\\jquery-ui.min.js
[Fri Jun 09 13:27:13.160864 2017] [wsgi:error] [pid 1796:tid 3025693504] Not Found: /\\static\\jqueryui\\jquery-ui.min.js
[Fri Jun 09 13:28:11.249191 2017] [wsgi:error] [pid 1796:tid 3050871616] Not Found: /\\static\\jqueryui\\jquery-ui.min.css
[Fri Jun 09 13:28:11.279067 2017] [wsgi:error] [pid 1797:tid 3025693504] Not Found: /\\static\\jqueryui\\jquery-ui.theme.css
[Fri Jun 09 13:28:11.280745 2017] [wsgi:error] [pid 1796:tid 3025693504] Not Found: /\\static\\jqueryui\\jquery-ui.min.js
[Fri Jun 09 13:28:11.465660 2017] [wsgi:error] [pid 1797:tid 3042478912] Not Found: /\\static\\jqueryui\\jquery-ui.min.js
[Fri Jun 09 13:28:54.964958 2017] [wsgi:error] [pid 1797:tid 3025693504] Not Found: /\\static\\jqueryui\\jquery-ui.min.css
[Fri Jun 09 13:28:54.975714 2017] [wsgi:error] [pid 1796:tid 3025693504] Not Found: /\\static\\jqueryui\\jquery-ui.theme.css
[Fri Jun 09 13:28:54.984655 2017] [wsgi:error] [pid 1797:tid 3042478912] Not Found: /\\static\\jqueryui\\jquery-ui.min.js
[Fri Jun 09 13:28:55.225094 2017] [wsgi:error] [pid 1796:tid 3050871616] Not Found: /\\static\\jqueryui\\jquery-ui.min.js
[Fri Jun 09 13:29:30.245298 2017] [wsgi:error] [pid 1796:tid 3025693504] Not Found: /\\static\\jqueryui\\jquery-ui.min.css
[Fri Jun 09 13:29:30.252496 2017] [wsgi:error] [pid 1797:tid 3042478912] Not Found: /\\static\\jqueryui\\jquery-ui.theme.css
[Fri Jun 09 13:29:30.259782 2017] [wsgi:error] [pid 1796:tid 3050871616] Not Found: /\\static\\jqueryui\\jquery-ui.min.js
[Fri Jun 09 13:29:31.975375 2017] [wsgi:error] [pid 1797:tid 3042478912] Not Found: /\\static\\jqueryui\\jquery-ui.theme.css
[Fri Jun 09 13:29:31.978402 2017] [wsgi:error] [pid 1796:tid 3025693504] Not Found: /\\static\\jqueryui\\jquery-ui.min.css
[Fri Jun 09 13:29:31.991574 2017] [wsgi:error] [pid 1796:tid 3050871616] Not Found: /\\static\\jqueryui\\jquery-ui.min.js
[Fri Jun 09 13:29:32.262307 2017] [wsgi:error] [pid 1797:tid 3025693504] Not Found: /\\static\\jqueryui\\jquery-ui.min.js
[Fri Jun 09 13:31:51.997928 2017] [wsgi:error] [pid 1796:tid 3050871616] Not Found: /\\static\\jqueryui\\jquery-ui.theme.css
[Fri Jun 09 13:31:51.988928 2017] [wsgi:error] [pid 1797:tid 3042478912] Not Found: /\\static\\jqueryui\\jquery-ui.min.css
[Fri Jun 09 13:31:52.008529 2017] [wsgi:error] [pid 1797:tid 3025693504] Not Found: /\\static\\jqueryui\\jquery-ui.min.js
[Fri Jun 09 13:31:52.245400 2017] [wsgi:error] [pid 1796:tid 3025693504] Not Found: /\\static\\jqueryui\\jquery-ui.min.js
[Fri Jun 09 13:32:01.742815 2017] [wsgi:error] [pid 1797:tid 3025693504] Not Found: /sport/sports/\\static\\jqueryui\\jquery-ui.theme.css
[Fri Jun 09 13:32:01.744469 2017] [wsgi:error] [pid 1796:tid 3050871616] Not Found: /sport/sports/\\static\\jqueryui\\jquery-ui.min.css
[Fri Jun 09 13:32:01.751938 2017] [wsgi:error] [pid 1796:tid 3025693504] Not Found: /sport/sports/\\static\\jqueryui\\jquery-ui.min.js
[Fri Jun 09 13:32:01.942478 2017] [wsgi:error] [pid 1797:tid 3042478912] Not Found: /sport/sports/\\static\\jqueryui\\jquery-ui.min.js
[Fri Jun 09 13:32:26.284324 2017] [wsgi:error] [pid 1797:tid 3025693504] Not Found: /sport/sports/\\static\\jqueryui\\jquery-ui.min.css
[Fri Jun 09 13:32:26.322539 2017] [wsgi:error] [pid 1797:tid 3042478912] Not Found: /sport/sports/\\static\\jqueryui\\jquery-ui.theme.css
[Fri Jun 09 13:32:26.329394 2017] [wsgi:error] [pid 1796:tid 3025693504] Not Found: /sport/sports/\\static\\jqueryui\\jquery-ui.min.js
[Fri Jun 09 13:32:26.594211 2017] [wsgi:error] [pid 1796:tid 3034086208] Not Found: /sport/sports/\\static\\jqueryui\\jquery-ui.min.js
[Fri Jun 09 13:32:28.286808 2017] [wsgi:error] [pid 1797:tid 3050871616] Not Found: /sports
[Fri Jun 09 13:32:41.012837 2017] [wsgi:error] [pid 1797:tid 3050871616] Not Found: /sport/sports/\\static\\jqueryui\\jquery-ui.min.js
[Fri Jun 09 13:32:41.014875 2017] [wsgi:error] [pid 1796:tid 3034086208] Not Found: /sport/sports/\\static\\jqueryui\\jquery-ui.theme.css
[Fri Jun 09 13:32:41.028752 2017] [wsgi:error] [pid 1797:tid 3042478912] Not Found: /sport/sports/\\static\\jqueryui\\jquery-ui.min.css
[Fri Jun 09 13:32:41.248601 2017] [wsgi:error] [pid 1796:tid 3025693504] Not Found: /sport/sports/\\static\\jqueryui\\jquery-ui.min.js
[Fri Jun 09 13:32:42.499811 2017] [wsgi:error] [pid 1797:tid 3025693504] Not Found: /sport/sports/sport/sports
[Fri Jun 09 13:33:11.692243 2017] [wsgi:error] [pid 1797:tid 3050871616] Not Found: /\\static\\jqueryui\\jquery-ui.min.css
[Fri Jun 09 13:33:11.703396 2017] [wsgi:error] [pid 1796:tid 3025693504] Not Found: /\\static\\jqueryui\\jquery-ui.theme.css
[Fri Jun 09 13:33:11.712307 2017] [wsgi:error] [pid 1797:tid 3025693504] Not Found: /\\static\\jqueryui\\jquery-ui.min.js
[Fri Jun 09 13:33:11.975076 2017] [wsgi:error] [pid 1796:tid 3034086208] Not Found: /\\static\\jqueryui\\jquery-ui.min.js
[Fri Jun 09 13:33:13.684411 2017] [wsgi:error] [pid 1796:tid 3025693504] Not Found: /\\static\\jqueryui\\jquery-ui.min.css
[Fri Jun 09 13:33:13.695463 2017] [wsgi:error] [pid 1797:tid 3025693504] Not Found: /\\static\\jqueryui\\jquery-ui.theme.css
[Fri Jun 09 13:33:13.702859 2017] [wsgi:error] [pid 1796:tid 3034086208] Not Found: /\\static\\jqueryui\\jquery-ui.min.js
[Fri Jun 09 13:33:13.958870 2017] [wsgi:error] [pid 1797:tid 3050871616] Not Found: /\\static\\jqueryui\\jquery-ui.min.js
[Fri Jun 09 13:33:15.607192 2017] [wsgi:error] [pid 1796:tid 3034086208] Not Found: /sport/sports/\\static\\jqueryui\\jquery-ui.theme.css
[Fri Jun 09 13:33:15.612128 2017] [wsgi:error] [pid 1797:tid 3025693504] Not Found: /sport/sports/\\static\\jqueryui\\jquery-ui.min.css
[Fri Jun 09 13:33:15.630781 2017] [wsgi:error] [pid 1797:tid 3050871616] Not Found: /sport/sports/\\static\\jqueryui\\jquery-ui.min.js
[Fri Jun 09 13:33:15.983716 2017] [wsgi:error] [pid 1796:tid 3025693504] Not Found: /sport/sports/\\static\\jqueryui\\jquery-ui.min.js
[Fri Jun 09 13:33:21.533994 2017] [wsgi:error] [pid 1797:tid 3050871616] Not Found: /sport/sports/\\static\\jqueryui\\jquery-ui.theme.css
[Fri Jun 09 13:33:21.548447 2017] [wsgi:error] [pid 1796:tid 3025693504] Not Found: /sport/sports/\\static\\jqueryui\\jquery-ui.min.js
[Fri Jun 09 13:33:21.549711 2017] [wsgi:error] [pid 1796:tid 3034086208] Not Found: /sport/sports/\\static\\jqueryui\\jquery-ui.min.css
[Fri Jun 09 13:33:21.794539 2017] [wsgi:error] [pid 1797:tid 3042478912] Not Found: /sport/sports/\\static\\jqueryui\\jquery-ui.min.js
[Fri Jun 09 13:33:31.944864 2017] [wsgi:error] [pid 1797:tid 3050871616] Not Found: /sport/loc/\\static\\jqueryui\\jquery-ui.min.css
[Fri Jun 09 13:33:31.947394 2017] [wsgi:error] [pid 1796:tid 3025693504] Not Found: /sport/loc/\\static\\jqueryui\\jquery-ui.theme.css
[Fri Jun 09 13:33:31.971839 2017] [wsgi:error] [pid 1797:tid 3042478912] Not Found: /sport/loc/\\static\\jqueryui\\jquery-ui.min.js
[Fri Jun 09 13:33:32.245437 2017] [wsgi:error] [pid 1796:tid 3050871616] Not Found: /sport/loc/\\static\\jqueryui\\jquery-ui.min.js
[Fri Jun 09 13:34:33.624048 2017] [wsgi:error] [pid 1796:tid 3025693504] Not Found: /\\static\\jqueryui\\jquery-ui.min.css
[Fri Jun 09 13:34:33.640587 2017] [wsgi:error] [pid 1796:tid 3050871616] Not Found: /\\static\\jqueryui\\jquery-ui.min.js
[Fri Jun 09 13:34:33.642523 2017] [wsgi:error] [pid 1797:tid 3042478912] Not Found: /\\static\\jqueryui\\jquery-ui.theme.css
[Fri Jun 09 13:34:35.463721 2017] [wsgi:error] [pid 1796:tid 3050871616] Not Found: /sport/sports/\\static\\jqueryui\\jquery-ui.theme.css
[Fri Jun 09 13:34:35.468273 2017] [wsgi:error] [pid 1797:tid 3025693504] Not Found: /sport/sports/\\static\\jqueryui\\jquery-ui.min.css
[Fri Jun 09 13:34:35.493920 2017] [wsgi:error] [pid 1797:tid 3042478912] Not Found: /sport/sports/\\static\\jqueryui\\jquery-ui.min.js
[Fri Jun 09 13:34:37.376748 2017] [wsgi:error] [pid 1797:tid 3050871616] Not Found: /\\static\\jqueryui\\jquery-ui.min.css
[Fri Jun 09 13:34:37.398337 2017] [wsgi:error] [pid 1797:tid 3042478912] Not Found: /\\static\\jqueryui\\jquery-ui.min.js
[Fri Jun 09 13:34:37.399703 2017] [wsgi:error] [pid 1796:tid 3050871616] Not Found: /\\static\\jqueryui\\jquery-ui.theme.css
[Fri Jun 09 13:34:37.752073 2017] [wsgi:error] [pid 1796:tid 3034086208] Not Found: /\\static\\jqueryui\\jquery-ui.min.js
[Fri Jun 09 13:34:59.355074 2017] [wsgi:error] [pid 1796:tid 3050871616] Not Found: /\\static\\jqueryui\\jquery-ui.min.css
[Fri Jun 09 13:34:59.360469 2017] [wsgi:error] [pid 1797:tid 3042478912] Not Found: /\\static\\jqueryui\\jquery-ui.theme.css
[Fri Jun 09 13:34:59.368082 2017] [wsgi:error] [pid 1796:tid 3034086208] Not Found: /\\static\\jqueryui\\jquery-ui.min.js
[Fri Jun 09 13:34:59.554038 2017] [wsgi:error] [pid 1797:tid 3050871616] Not Found: /\\static\\jqueryui\\jquery-ui.min.js
[Fri Jun 09 13:35:02.408945 2017] [wsgi:error] [pid 1797:tid 3042478912] Not Found: /sport/loc/\\static\\jqueryui\\jquery-ui.min.css
[Fri Jun 09 13:35:02.424042 2017] [wsgi:error] [pid 1796:tid 3034086208] Not Found: /sport/loc/\\static\\jqueryui\\jquery-ui.theme.css
[Fri Jun 09 13:35:02.436796 2017] [wsgi:error] [pid 1797:tid 3050871616] Not Found: /sport/loc/\\static\\jqueryui\\jquery-ui.min.js
[Fri Jun 09 13:35:02.648785 2017] [wsgi:error] [pid 1796:tid 3050871616] Not Found: /sport/loc/\\static\\jqueryui\\jquery-ui.min.js
[Fri Jun 09 13:35:03.811161 2017] [wsgi:error] [pid 1797:tid 3050871616] Not Found: /sport/loc/\\static\\jqueryui\\jquery-ui.theme.css
[Fri Jun 09 13:35:03.828164 2017] [wsgi:error] [pid 1796:tid 3034086208] Not Found: /sport/loc/\\static\\jqueryui\\jquery-ui.min.css
[Fri Jun 09 13:35:03.829708 2017] [wsgi:error] [pid 1796:tid 3050871616] Not Found: /sport/loc/\\static\\jqueryui\\jquery-ui.min.js
[Fri Jun 09 13:35:04.065493 2017] [wsgi:error] [pid 1797:tid 3025693504] Not Found: /sport/loc/\\static\\jqueryui\\jquery-ui.min.js
[Fri Jun 09 13:35:05.586788 2017] [wsgi:error] [pid 1797:tid 3050871616] Not Found: /\\static\\jqueryui\\jquery-ui.min.css
[Fri Jun 09 13:35:05.592715 2017] [wsgi:error] [pid 1796:tid 3034086208] Not Found: /\\static\\jqueryui\\jquery-ui.theme.css
[Fri Jun 09 13:35:05.601686 2017] [wsgi:error] [pid 1797:tid 3025693504] Not Found: /\\static\\jqueryui\\jquery-ui.min.js
[Fri Jun 09 13:35:06.072282 2017] [wsgi:error] [pid 1796:tid 3025693504] Not Found: /\\static\\jqueryui\\jquery-ui.min.js
[Fri Jun 09 13:35:21.660680 2017] [wsgi:error] [pid 1796:tid 3034086208] Not Found: /\\static\\jqueryui\\jquery-ui.min.css
[Fri Jun 09 13:35:21.678707 2017] [wsgi:error] [pid 1796:tid 3025693504] Not Found: /\\static\\jqueryui\\jquery-ui.min.js
[Fri Jun 09 13:35:21.682060 2017] [wsgi:error] [pid 1797:tid 3025693504] Not Found: /\\static\\jqueryui\\jquery-ui.theme.css
[Fri Jun 09 13:35:21.917423 2017] [wsgi:error] [pid 1797:tid 3050871616] Not Found: /\\static\\jqueryui\\jquery-ui.min.js
[Fri Jun 09 13:35:23.793021 2017] [wsgi:error] [pid 1796:tid 3025693504] Not Found: /sport/sports/\\static\\jqueryui\\jquery-ui.theme.css
[Fri Jun 09 13:35:23.816642 2017] [wsgi:error] [pid 1797:tid 3025693504] Not Found: /sport/sports/\\static\\jqueryui\\jquery-ui.min.css
[Fri Jun 09 13:35:23.818521 2017] [wsgi:error] [pid 1797:tid 3050871616] Not Found: /sport/sports/\\static\\jqueryui\\jquery-ui.min.js
[Fri Jun 09 13:35:24.175903 2017] [wsgi:error] [pid 1796:tid 3034086208] Not Found: /sport/sports/\\static\\jqueryui\\jquery-ui.min.js
[Fri Jun 09 13:35:27.166761 2017] [wsgi:error] [pid 1797:tid 3050871616] Not Found: /sport/loc/\\static\\jqueryui\\jquery-ui.theme.css
[Fri Jun 09 13:35:27.155278 2017] [wsgi:error] [pid 1796:tid 3025693504] Not Found: /sport/loc/\\static\\jqueryui\\jquery-ui.min.css
[Fri Jun 09 13:35:27.185253 2017] [wsgi:error] [pid 1796:tid 3034086208] Not Found: /sport/loc/\\static\\jqueryui\\jquery-ui.min.js
[Fri Jun 09 13:35:27.521713 2017] [wsgi:error] [pid 1797:tid 3042478912] Not Found: /sport/loc/\\static\\jqueryui\\jquery-ui.min.js
[Fri Jun 09 13:35:40.368782 2017] [wsgi:error] [pid 1796:tid 3034086208] Not Found: /\\static\\jqueryui\\jquery-ui.theme.css
[Fri Jun 09 13:35:40.369940 2017] [wsgi:error] [pid 1797:tid 3050871616] Not Found: /\\static\\jqueryui\\jquery-ui.min.css
[Fri Jun 09 13:35:40.377515 2017] [wsgi:error] [pid 1797:tid 3042478912] Not Found: /\\static\\jqueryui\\jquery-ui.min.js
[Fri Jun 09 13:35:40.768692 2017] [wsgi:error] [pid 1796:tid 3050871616] Not Found: /\\static\\jqueryui\\jquery-ui.min.js
[Fri Jun 09 13:36:47.908982 2017] [wsgi:error] [pid 1796:tid 3034086208] Not Found: /\\static\\jqueryui\\jquery-ui.min.css
[Fri Jun 09 13:36:47.920598 2017] [wsgi:error] [pid 1797:tid 3042478912] Not Found: /\\static\\jqueryui\\jquery-ui.min.js
[Fri Jun 09 13:36:47.930073 2017] [wsgi:error] [pid 1796:tid 3050871616] Not Found: /\\static\\jqueryui\\jquery-ui.theme.css
[Fri Jun 09 13:37:04.467080 2017] [wsgi:error] [pid 1797:tid 3042478912] Not Found: /\\static\\jqueryui\\jquery-ui.theme.css
[Fri Jun 09 13:37:04.468847 2017] [wsgi:error] [pid 1796:tid 3025693504] Not Found: /\\static\\jqueryui\\jquery-ui.min.css
[Fri Jun 09 13:37:04.474984 2017] [wsgi:error] [pid 1796:tid 3050871616] Not Found: /\\static\\jqueryui\\jquery-ui.min.js
[Fri Jun 09 13:37:08.177424 2017] [wsgi:error] [pid 1797:tid 3042478912] Not Found: /sport/sports/\\static\\jqueryui\\jquery-ui.theme.css
[Fri Jun 09 13:37:08.185802 2017] [wsgi:error] [pid 1796:tid 3025693504] Not Found: /sport/sports/\\static\\jqueryui\\jquery-ui.min.css
[Fri Jun 09 13:37:08.187223 2017] [wsgi:error] [pid 1796:tid 3050871616] Not Found: /sport/sports/\\static\\jqueryui\\jquery-ui.min.js
[Fri Jun 09 13:37:08.491977 2017] [wsgi:error] [pid 1797:tid 3050871616] Not Found: /sport/sports/\\static\\jqueryui\\jquery-ui.min.js
[Fri Jun 09 13:37:09.543406 2017] [wsgi:error] [pid 1796:tid 3050871616] Not Found: /sport/loc/\\static\\jqueryui\\jquery-ui.theme.css
[Fri Jun 09 13:37:09.553868 2017] [wsgi:error] [pid 1797:tid 3042478912] Not Found: /sport/loc/\\static\\jqueryui\\jquery-ui.min.css
[Fri Jun 09 13:37:09.556435 2017] [wsgi:error] [pid 1797:tid 3050871616] Not Found: /sport/loc/\\static\\jqueryui\\jquery-ui.min.js
[Fri Jun 09 13:37:09.952353 2017] [wsgi:error] [pid 1796:tid 3034086208] Not Found: /sport/loc/\\static\\jqueryui\\jquery-ui.min.js
[Fri Jun 09 13:37:10.937929 2017] [wsgi:error] [pid 1797:tid 3050871616] Not Found: /\\static\\jqueryui\\jquery-ui.theme.css
[Fri Jun 09 13:37:10.945555 2017] [wsgi:error] [pid 1796:tid 3034086208] Not Found: /\\static\\jqueryui\\jquery-ui.min.js
[Fri Jun 09 13:37:10.946604 2017] [wsgi:error] [pid 1796:tid 3050871616] Not Found: /\\static\\jqueryui\\jquery-ui.min.css
[Fri Jun 09 13:37:11.175688 2017] [wsgi:error] [pid 1797:tid 3025693504] Not Found: /\\static\\jqueryui\\jquery-ui.min.js
[Fri Jun 09 13:37:40.631502 2017] [wsgi:error] [pid 1797:tid 3050871616] Not Found: /\\static\\jqueryui\\jquery-ui.min.css
[Fri Jun 09 13:37:40.648839 2017] [wsgi:error] [pid 1797:tid 3025693504] Not Found: /\\static\\jqueryui\\jquery-ui.min.js
[Fri Jun 09 13:37:40.643791 2017] [wsgi:error] [pid 1796:tid 3034086208] Not Found: /\\static\\jqueryui\\jquery-ui.theme.css
[Fri Jun 09 13:37:40.876630 2017] [wsgi:error] [pid 1796:tid 3025693504] Not Found: /\\static\\jqueryui\\jquery-ui.min.js
[Fri Jun 09 13:37:43.160327 2017] [wsgi:error] [pid 1796:tid 3034086208] Not Found: /\\static\\jqueryui\\jquery-ui.min.css
[Fri Jun 09 13:37:43.178710 2017] [wsgi:error] [pid 1797:tid 3025693504] Not Found: /\\static\\jqueryui\\jquery-ui.theme.css
[Fri Jun 09 13:37:43.190924 2017] [wsgi:error] [pid 1796:tid 3025693504] Not Found: /\\static\\jqueryui\\jquery-ui.min.js
[Fri Jun 09 13:37:43.489615 2017] [wsgi:error] [pid 1797:tid 3050871616] Not Found: /\\static\\jqueryui\\jquery-ui.min.js
[Fri Jun 09 13:38:00.246631 2017] [wsgi:error] [pid 1797:tid 3025693504] Not Found: /\\static\\jqueryui\\jquery-ui.min.css
[Fri Jun 09 13:38:00.253850 2017] [wsgi:error] [pid 1796:tid 3025693504] Not Found: /\\static\\jqueryui\\jquery-ui.theme.css
[Fri Jun 09 13:38:00.272835 2017] [wsgi:error] [pid 1797:tid 3050871616] Not Found: /\\static\\jqueryui\\jquery-ui.min.js
[Fri Jun 09 13:38:12.936492 2017] [wsgi:error] [pid 1797:tid 3025693504] Not Found: /\\static\\jqueryui\\jquery-ui.min.css
[Fri Jun 09 13:38:12.942370 2017] [wsgi:error] [pid 1796:tid 3025693504] Not Found: /\\static\\jqueryui\\jquery-ui.theme.css
[Fri Jun 09 13:38:12.952698 2017] [wsgi:error] [pid 1797:tid 3050871616] Not Found: /\\static\\jqueryui\\jquery-ui.min.js
[Fri Jun 09 13:38:13.187242 2017] [wsgi:error] [pid 1796:tid 3034086208] Not Found: /\\static\\jqueryui\\jquery-ui.min.js
[Fri Jun 09 13:38:33.917224 2017] [wsgi:error] [pid 1796:tid 3025693504] Not Found: /\\static\\jqueryui\\jquery-ui.min.css
[Fri Jun 09 13:38:33.927238 2017] [wsgi:error] [pid 1797:tid 3050871616] Not Found: /\\static\\jqueryui\\jquery-ui.theme.css
[Fri Jun 09 13:38:33.945255 2017] [wsgi:error] [pid 1796:tid 3034086208] Not Found: /\\static\\jqueryui\\jquery-ui.min.js
[Fri Jun 09 13:38:34.196549 2017] [wsgi:error] [pid 1797:tid 3025693504] Not Found: /\\static\\jqueryui\\jquery-ui.min.js
[Fri Jun 09 13:38:36.126603 2017] [wsgi:error] [pid 1797:tid 3050871616] Not Found: /\\static\\jqueryui\\jquery-ui.min.css
[Fri Jun 09 13:38:36.146209 2017] [wsgi:error] [pid 1796:tid 3034086208] Not Found: /\\static\\jqueryui\\jquery-ui.theme.css
[Fri Jun 09 13:38:36.154946 2017] [wsgi:error] [pid 1797:tid 3025693504] Not Found: /\\static\\jqueryui\\jquery-ui.min.js
[Fri Jun 09 13:38:36.485615 2017] [wsgi:error] [pid 1796:tid 3025693504] Not Found: /\\static\\jqueryui\\jquery-ui.min.js
[Fri Jun 09 13:38:51.835892 2017] [wsgi:error] [pid 1797:tid 3025693504] Not Found: /sport/loc/\\static\\jqueryui\\jquery-ui.theme.css
[Fri Jun 09 13:38:51.861180 2017] [wsgi:error] [pid 1796:tid 3034086208] Not Found: /sport/loc/\\static\\jqueryui\\jquery-ui.min.css
[Fri Jun 09 13:38:51.862190 2017] [wsgi:error] [pid 1796:tid 3025693504] Not Found: /sport/loc/\\static\\jqueryui\\jquery-ui.min.js
[Fri Jun 09 13:38:52.195656 2017] [wsgi:error] [pid 1797:tid 3050871616] Not Found: /sport/loc/\\static\\jqueryui\\jquery-ui.min.js
[Fri Jun 09 13:38:53.851137 2017] [wsgi:error] [pid 1796:tid 3025693504] Not Found: /sport/sports/\\static\\jqueryui\\jquery-ui.theme.css
[Fri Jun 09 13:38:53.856059 2017] [wsgi:error] [pid 1797:tid 3025693504] Not Found: /sport/sports/\\static\\jqueryui\\jquery-ui.min.css
[Fri Jun 09 13:38:53.858546 2017] [wsgi:error] [pid 1797:tid 3050871616] Not Found: /sport/sports/\\static\\jqueryui\\jquery-ui.min.js
[Fri Jun 09 13:38:54.156958 2017] [wsgi:error] [pid 1796:tid 3050871616] Not Found: /sport/sports/\\static\\jqueryui\\jquery-ui.min.js
[Fri Jun 09 13:38:56.027323 2017] [wsgi:error] [pid 1796:tid 3025693504] Not Found: /\\static\\jqueryui\\jquery-ui.min.css
[Fri Jun 09 13:38:56.043582 2017] [wsgi:error] [pid 1797:tid 3050871616] Not Found: /\\static\\jqueryui\\jquery-ui.theme.css
[Fri Jun 09 13:38:56.051308 2017] [wsgi:error] [pid 1796:tid 3050871616] Not Found: /\\static\\jqueryui\\jquery-ui.min.js
[Fri Jun 09 13:38:56.312818 2017] [wsgi:error] [pid 1797:tid 3042478912] Not Found: /\\static\\jqueryui\\jquery-ui.min.js
[Fri Jun 09 13:39:24.743158 2017] [wsgi:error] [pid 1797:tid 3050871616] Not Found: /\\static\\jqueryui\\jquery-ui.min.css
[Fri Jun 09 13:39:24.753711 2017] [wsgi:error] [pid 1797:tid 3042478912] Not Found: /\\static\\jqueryui\\jquery-ui.theme.css
[Fri Jun 09 13:39:27.027237 2017] [wsgi:error] [pid 2087:tid 3050871616] Not Found: /\\static\\jqueryui\\jquery-ui.min.js
[Fri Jun 09 13:39:27.405749 2017] [wsgi:error] [pid 2087:tid 3050871616] Not Found: /sport/sports/\\static\\jqueryui\\jquery-ui.theme.css
[Fri Jun 09 13:39:28.648698 2017] [wsgi:error] [pid 2086:tid 3034086208] Not Found: /sport/sports/\\static\\jqueryui\\jquery-ui.min.css
[Fri Jun 09 13:39:28.661222 2017] [wsgi:error] [pid 2086:tid 3025693504] Not Found: /sport/sports/\\static\\jqueryui\\jquery-ui.min.js
[Fri Jun 09 13:39:28.827467 2017] [wsgi:error] [pid 2087:tid 3042478912] Not Found: /sport/sports/\\static\\jqueryui\\jquery-ui.min.js
[Fri Jun 09 13:39:29.979428 2017] [wsgi:error] [pid 2086:tid 3034086208] Not Found: /\\static\\jqueryui\\jquery-ui.theme.css
[Fri Jun 09 13:39:29.972815 2017] [wsgi:error] [pid 2087:tid 3050871616] Not Found: /\\static\\jqueryui\\jquery-ui.min.css
[Fri Jun 09 13:39:29.988864 2017] [wsgi:error] [pid 2087:tid 3042478912] Not Found: /\\static\\jqueryui\\jquery-ui.min.js
[Fri Jun 09 13:39:30.376532 2017] [wsgi:error] [pid 2086:tid 3042478912] Not Found: /\\static\\jqueryui\\jquery-ui.min.js
[Fri Jun 09 13:39:43.330794 2017] [wsgi:error] [pid 2086:tid 3034086208] Not Found: /\\static\\jqueryui\\jquery-ui.min.css
[Fri Jun 09 13:39:43.342888 2017] [wsgi:error] [pid 2087:tid 3042478912] Not Found: /\\static\\jqueryui\\jquery-ui.theme.css
[Fri Jun 09 13:39:43.349014 2017] [wsgi:error] [pid 2086:tid 3042478912] Not Found: /\\static\\jqueryui\\jquery-ui.min.js
[Fri Jun 09 13:39:43.515172 2017] [wsgi:error] [pid 2087:tid 3050871616] Not Found: /\\static\\jqueryui\\jquery-ui.min.js
[Fri Jun 09 13:39:45.684582 2017] [wsgi:error] [pid 2086:tid 3042478912] Not Found: /sport/sports/\\static\\jqueryui\\jquery-ui.theme.css
[Fri Jun 09 13:39:45.692256 2017] [wsgi:error] [pid 2087:tid 3042478912] Not Found: /sport/sports/\\static\\jqueryui\\jquery-ui.min.css
[Fri Jun 09 13:39:45.703425 2017] [wsgi:error] [pid 2087:tid 3050871616] Not Found: /sport/sports/\\static\\jqueryui\\jquery-ui.min.js
[Fri Jun 09 13:39:45.952535 2017] [wsgi:error] [pid 2086:tid 3034086208] Not Found: /sport/sports/\\static\\jqueryui\\jquery-ui.min.js
[Fri Jun 09 13:39:47.260431 2017] [wsgi:error] [pid 2087:tid 3050871616] Not Found: /\\static\\jqueryui\\jquery-ui.theme.css
[Fri Jun 09 13:39:47.261763 2017] [wsgi:error] [pid 2086:tid 3042478912] Not Found: /\\static\\jqueryui\\jquery-ui.min.css
[Fri Jun 09 13:39:47.270079 2017] [wsgi:error] [pid 2086:tid 3034086208] Not Found: /\\static\\jqueryui\\jquery-ui.min.js
[Fri Jun 09 13:39:47.494500 2017] [wsgi:error] [pid 2087:tid 3025693504] Not Found: /\\static\\jqueryui\\jquery-ui.min.js
[Fri Jun 09 13:43:56.800430 2017] [wsgi:error] [pid 2087:tid 3050871616] Not Found: /\\static\\jqueryui\\jquery-ui.min.css
[Fri Jun 09 13:43:56.811354 2017] [wsgi:error] [pid 2086:tid 3034086208] Not Found: /\\static\\jqueryui\\jquery-ui.theme.css
[Fri Jun 09 13:43:56.821444 2017] [wsgi:error] [pid 2087:tid 3025693504] Not Found: /\\static\\jqueryui\\jquery-ui.min.js
[Fri Jun 09 13:43:57.086189 2017] [wsgi:error] [pid 2086:tid 3042478912] Not Found: /\\static\\jqueryui\\jquery-ui.min.js
[Fri Jun 09 13:44:49.127563 2017] [wsgi:error] [pid 2086:tid 3034086208] Not Found: /\\static\\jqueryui\\jquery-ui.min.css
[Fri Jun 09 13:44:49.142989 2017] [wsgi:error] [pid 2086:tid 3042478912] Not Found: /\\static\\jqueryui\\jquery-ui.min.js
[Fri Jun 09 13:44:49.144178 2017] [wsgi:error] [pid 2087:tid 3025693504] Not Found: /\\static\\jqueryui\\jquery-ui.theme.css
[Fri Jun 09 13:44:49.388837 2017] [wsgi:error] [pid 2087:tid 3050871616] Not Found: /\\static\\jqueryui\\jquery-ui.min.js
[Fri Jun 09 13:44:51.835251 2017] [wsgi:error] [pid 2086:tid 3042478912] Not Found: /\\static\\jqueryui\\jquery-ui.theme.css
[Fri Jun 09 13:44:51.841493 2017] [wsgi:error] [pid 2087:tid 3025693504] Not Found: /\\static\\jqueryui\\jquery-ui.min.css
[Fri Jun 09 13:44:51.848300 2017] [wsgi:error] [pid 2087:tid 3050871616] Not Found: /\\static\\jqueryui\\jquery-ui.min.js
[Fri Jun 09 13:44:52.132469 2017] [wsgi:error] [pid 2086:tid 3034086208] Not Found: /\\static\\jqueryui\\jquery-ui.min.js
[Fri Jun 09 13:46:13.688199 2017] [wsgi:error] [pid 2086:tid 3042478912] Not Found: /\\static\\jqueryui\\jquery-ui.min.css
[Fri Jun 09 13:46:13.700791 2017] [wsgi:error] [pid 2087:tid 3050871616] Not Found: /\\static\\jqueryui\\jquery-ui.theme.css
[Fri Jun 09 13:46:13.711308 2017] [wsgi:error] [pid 2086:tid 3034086208] Not Found: /\\static\\jqueryui\\jquery-ui.min.js
[Fri Jun 09 13:46:13.866523 2017] [wsgi:error] [pid 2087:tid 3025693504] Not Found: /\\static\\jqueryui\\jquery-ui.min.js
[Fri Jun 09 13:46:54.655675 2017] [wsgi:error] [pid 2086:tid 3034086208] Not Found: /\\static\\jqueryui\\jquery-ui.theme.css
[Fri Jun 09 13:46:54.657379 2017] [wsgi:error] [pid 2087:tid 3050871616] Not Found: /\\static\\jqueryui\\jquery-ui.min.css
[Fri Jun 09 13:46:54.664179 2017] [wsgi:error] [pid 2087:tid 3025693504] Not Found: /\\static\\jqueryui\\jquery-ui.min.js
[Fri Jun 09 13:46:54.896561 2017] [wsgi:error] [pid 2086:tid 3042478912] Not Found: /\\static\\jqueryui\\jquery-ui.min.js
[Fri Jun 09 13:51:37.526596 2017] [wsgi:error] [pid 2086:tid 3042478912] Not Found: /\\static\\jqueryui\\jquery-ui.min.css
[Fri Jun 09 13:51:37.546095 2017] [wsgi:error] [pid 2086:tid 3025693504] Not Found: /\\static\\jqueryui\\jquery-ui.min.js
[Fri Jun 09 13:51:37.551915 2017] [wsgi:error] [pid 2087:tid 3025693504] Not Found: /\\static\\jqueryui\\jquery-ui.theme.css
[Fri Jun 09 13:51:37.808708 2017] [wsgi:error] [pid 2086:tid 3034086208] Not Found: /\\static\\jqueryui\\jquery-ui.min.js
[Fri Jun 09 13:51:39.690531 2017] [wsgi:error] [pid 2086:tid 3025693504] Not Found: /\\static\\jqueryui\\jquery-ui.min.css
[Fri Jun 09 13:51:39.699934 2017] [wsgi:error] [pid 2087:tid 3025693504] Not Found: /\\static\\jqueryui\\jquery-ui.theme.css
[Fri Jun 09 13:51:39.707232 2017] [wsgi:error] [pid 2086:tid 3034086208] Not Found: /\\static\\jqueryui\\jquery-ui.min.js
[Fri Jun 09 13:51:40.087463 2017] [wsgi:error] [pid 2087:tid 3050871616] Not Found: /\\static\\jqueryui\\jquery-ui.min.js
[Fri Jun 09 13:52:06.071861 2017] [wsgi:error] [pid 2087:tid 3025693504] Not Found: /\\static\\jqueryui\\jquery-ui.min.css
[Fri Jun 09 13:52:06.083251 2017] [wsgi:error] [pid 2086:tid 3034086208] Not Found: /\\static\\jqueryui\\jquery-ui.theme.css
[Fri Jun 09 13:52:06.094373 2017] [wsgi:error] [pid 2087:tid 3050871616] Not Found: /\\static\\jqueryui\\jquery-ui.min.js
[Fri Jun 09 13:52:06.364315 2017] [wsgi:error] [pid 2086:tid 3025693504] Not Found: /\\static\\jqueryui\\jquery-ui.min.js
[Fri Jun 09 13:52:48.244276 2017] [wsgi:error] [pid 2086:tid 3025693504] Not Found: /\\static\\jqueryui\\jquery-ui.min.css
[Fri Jun 09 13:52:48.259288 2017] [wsgi:error] [pid 2087:tid 3050871616] Not Found: /\\static\\jqueryui\\jquery-ui.theme.css
[Fri Jun 09 13:52:48.267453 2017] [wsgi:error] [pid 2086:tid 3042478912] Not Found: /\\static\\jqueryui\\jquery-ui.min.js
[Fri Jun 09 13:52:48.502642 2017] [wsgi:error] [pid 2087:tid 3025693504] Not Found: /\\static\\jqueryui\\jquery-ui.min.js
[Fri Jun 09 13:53:11.631962 2017] [wsgi:error] [pid 2087:tid 3050871616] Not Found: /\\static\\jqueryui\\jquery-ui.min.css
[Fri Jun 09 13:53:11.655964 2017] [wsgi:error] [pid 2087:tid 3025693504] Not Found: /\\static\\jqueryui\\jquery-ui.min.js
[Fri Jun 09 13:53:11.648903 2017] [wsgi:error] [pid 2086:tid 3042478912] Not Found: /\\static\\jqueryui\\jquery-ui.theme.css
[Fri Jun 09 13:53:11.888242 2017] [wsgi:error] [pid 2086:tid 3025693504] Not Found: /\\static\\jqueryui\\jquery-ui.min.js
[Fri Jun 09 13:53:33.468213 2017] [wsgi:error] [pid 2086:tid 3042478912] Not Found: /\\static\\jqueryui\\jquery-ui.min.css
[Fri Jun 09 13:53:33.475376 2017] [wsgi:error] [pid 2087:tid 3025693504] Not Found: /\\static\\jqueryui\\jquery-ui.theme.css
[Fri Jun 09 13:53:33.486406 2017] [wsgi:error] [pid 2086:tid 3025693504] Not Found: /\\static\\jqueryui\\jquery-ui.min.js
[Fri Jun 09 13:53:33.715460 2017] [wsgi:error] [pid 2087:tid 3050871616] Not Found: /\\static\\jqueryui\\jquery-ui.min.js
[Fri Jun 09 13:55:03.314137 2017] [wsgi:error] [pid 2087:tid 3025693504] Not Found: /\\static\\jqueryui\\jquery-ui.min.css
[Fri Jun 09 13:55:03.326570 2017] [wsgi:error] [pid 2087:tid 3050871616] Not Found: /\\static\\jqueryui\\jquery-ui.min.js
[Fri Jun 09 13:55:03.333831 2017] [wsgi:error] [pid 2086:tid 3025693504] Not Found: /\\static\\jqueryui\\jquery-ui.theme.css
[Fri Jun 09 13:55:07.590454 2017] [wsgi:error] [pid 2087:tid 3025693504] Not Found: /\\static\\jqueryui\\jquery-ui.min.css
[Fri Jun 09 13:55:07.597898 2017] [wsgi:error] [pid 2086:tid 3025693504] Not Found: /\\static\\jqueryui\\jquery-ui.theme.css
[Fri Jun 09 13:55:07.609162 2017] [wsgi:error] [pid 2087:tid 3050871616] Not Found: /\\static\\jqueryui\\jquery-ui.min.js
[Fri Jun 09 13:55:08.006656 2017] [wsgi:error] [pid 2086:tid 3042478912] Not Found: /\\static\\jqueryui\\jquery-ui.min.js
[Fri Jun 09 13:55:58.102970 2017] [wsgi:error] [pid 2086:tid 3025693504] Not Found: /\\static\\jqueryui\\jquery-ui.min.css
[Fri Jun 09 13:55:58.128292 2017] [wsgi:error] [pid 2086:tid 3042478912] Not Found: /\\static\\jqueryui\\jquery-ui.min.js
[Fri Jun 09 13:55:58.129538 2017] [wsgi:error] [pid 2087:tid 3050871616] Not Found: /\\static\\jqueryui\\jquery-ui.theme.css
[Fri Jun 09 13:55:58.352765 2017] [wsgi:error] [pid 2087:tid 3025693504] Not Found: /\\static\\jqueryui\\jquery-ui.min.js
[Fri Jun 09 13:56:53.161328 2017] [wsgi:error] [pid 2087:tid 3050871616] Not Found: /\\static\\jqueryui\\jquery-ui.min.css
[Fri Jun 09 13:56:53.171057 2017] [wsgi:error] [pid 2086:tid 3042478912] Not Found: /\\static\\jqueryui\\jquery-ui.min.js
[Fri Jun 09 13:56:53.177147 2017] [wsgi:error] [pid 2087:tid 3025693504] Not Found: /\\static\\jqueryui\\jquery-ui.theme.css
[Fri Jun 09 13:57:29.988469 2017] [wsgi:error] [pid 2087:tid 3042478912] Not Found: /\\static\\jqueryui\\jquery-ui.min.css
[Fri Jun 09 13:57:29.998474 2017] [wsgi:error] [pid 2086:tid 3042478912] Not Found: /\\static\\jqueryui\\jquery-ui.theme.css
[Fri Jun 09 13:57:30.003356 2017] [wsgi:error] [pid 2087:tid 3025693504] Not Found: /\\static\\jqueryui\\jquery-ui.min.js
[Fri Jun 09 13:57:30.234331 2017] [wsgi:error] [pid 2087:tid 3050871616] Not Found: /\\static\\jqueryui\\jquery-ui.min.js
[Fri Jun 09 13:57:52.758748 2017] [wsgi:error] [pid 2087:tid 3025693504] Not Found: /\\static\\jqueryui\\jquery-ui.min.css
[Fri Jun 09 13:57:52.768071 2017] [wsgi:error] [pid 2086:tid 3042478912] Not Found: /\\static\\jqueryui\\jquery-ui.min.js
[Fri Jun 09 13:57:52.772806 2017] [wsgi:error] [pid 2087:tid 3050871616] Not Found: /\\static\\jqueryui\\jquery-ui.theme.css
[Fri Jun 09 13:58:28.654844 2017] [wsgi:error] [pid 2086:tid 3025693504] Not Found: /\\static\\jqueryui\\jquery-ui.min.css
[Fri Jun 09 13:58:28.677055 2017] [wsgi:error] [pid 2087:tid 3050871616] Not Found: /\\static\\jqueryui\\jquery-ui.theme.css
[Fri Jun 09 13:58:28.682591 2017] [wsgi:error] [pid 2086:tid 3042478912] Not Found: /\\static\\jqueryui\\jquery-ui.min.js
[Fri Jun 09 13:58:28.932504 2017] [wsgi:error] [pid 2087:tid 3042478912] Not Found: /\\static\\jqueryui\\jquery-ui.min.js
[Fri Jun 09 13:58:33.124555 2017] [wsgi:error] [pid 2086:tid 3042478912] Not Found: /\\static\\jqueryui\\jquery-ui.theme.css
[Fri Jun 09 13:58:33.127564 2017] [wsgi:error] [pid 2087:tid 3025693504] Not Found: /\\static\\jqueryui\\jquery-ui.min.css
[Fri Jun 09 13:58:33.133244 2017] [wsgi:error] [pid 2087:tid 3042478912] Not Found: /\\static\\jqueryui\\jquery-ui.min.js
[Fri Jun 09 13:58:33.555817 2017] [wsgi:error] [pid 2086:tid 3025693504] Not Found: /\\static\\jqueryui\\jquery-ui.min.js
[Fri Jun 09 13:59:42.868866 2017] [wsgi:error] [pid 2086:tid 3042478912] Not Found: /\\static\\jqueryui\\jquery-ui.min.css
[Fri Jun 09 13:59:42.878434 2017] [wsgi:error] [pid 2087:tid 3042478912] Not Found: /\\static\\jqueryui\\jquery-ui.theme.css
[Fri Jun 09 13:59:42.887795 2017] [wsgi:error] [pid 2086:tid 3025693504] Not Found: /\\static\\jqueryui\\jquery-ui.min.js
[Fri Jun 09 13:59:46.067101 2017] [wsgi:error] [pid 2087:tid 3042478912] Not Found: /\\static\\jqueryui\\jquery-ui.theme.css
[Fri Jun 09 13:59:46.070694 2017] [wsgi:error] [pid 2086:tid 3042478912] Not Found: /\\static\\jqueryui\\jquery-ui.min.css
[Fri Jun 09 13:59:46.075571 2017] [wsgi:error] [pid 2086:tid 3025693504] Not Found: /\\static\\jqueryui\\jquery-ui.min.js
[Fri Jun 09 13:59:46.292777 2017] [wsgi:error] [pid 2087:tid 3050871616] Not Found: /\\static\\jqueryui\\jquery-ui.min.js
[Fri Jun 09 14:02:13.144447 2017] [wsgi:error] [pid 2087:tid 3042478912] Not Found: /\\static\\jqueryui\\jquery-ui.min.css
[Fri Jun 09 14:02:13.152798 2017] [wsgi:error] [pid 2086:tid 3025693504] Not Found: /\\static\\jqueryui\\jquery-ui.theme.css
[Fri Jun 09 14:02:13.159651 2017] [wsgi:error] [pid 2087:tid 3050871616] Not Found: /\\static\\jqueryui\\jquery-ui.min.js
[Fri Jun 09 14:02:13.406131 2017] [wsgi:error] [pid 2086:tid 3034086208] Not Found: /\\static\\jqueryui\\jquery-ui.min.js
[Fri Jun 09 14:02:16.809243 2017] [wsgi:error] [pid 2086:tid 3025693504] Not Found: /\\static\\jqueryui\\jquery-ui.min.css
[Fri Jun 09 14:02:16.818696 2017] [wsgi:error] [pid 2087:tid 3050871616] Not Found: /\\static\\jqueryui\\jquery-ui.theme.css
[Fri Jun 09 14:02:16.831882 2017] [wsgi:error] [pid 2086:tid 3034086208] Not Found: /\\static\\jqueryui\\jquery-ui.min.js
[Fri Jun 09 14:02:17.069010 2017] [wsgi:error] [pid 2087:tid 3042478912] Not Found: /\\static\\jqueryui\\jquery-ui.min.js
[Fri Jun 09 14:03:22.497543 2017] [wsgi:error] [pid 2086:tid 3034086208] Not Found: /accounts/login/\\static\\jqueryui\\jquery-ui.theme.css
[Fri Jun 09 14:03:22.501232 2017] [wsgi:error] [pid 2087:tid 3050871616] Not Found: /accounts/login/\\static\\jqueryui\\jquery-ui.min.css
[Fri Jun 09 14:03:22.508900 2017] [wsgi:error] [pid 2087:tid 3042478912] Not Found: /accounts/login/\\static\\jqueryui\\jquery-ui.min.js
[Fri Jun 09 14:03:22.797060 2017] [wsgi:error] [pid 2086:tid 3025693504] Not Found: /accounts/login/\\static\\jqueryui\\jquery-ui.min.js
[Fri Jun 09 14:08:36.095997 2017] [wsgi:error] [pid 2086:tid 3025693504] Not Found: /\\static\\jqueryui\\jquery-ui.theme.css
[Fri Jun 09 14:08:37.486852 2017] [wsgi:error] [pid 2237:tid 3050871616] Not Found: /\\static\\jqueryui\\jquery-ui.min.css
[Fri Jun 09 14:08:37.495472 2017] [wsgi:error] [pid 2237:tid 3025693504] Not Found: /\\static\\jqueryui\\jquery-ui.min.js
[Fri Jun 09 14:08:37.647068 2017] [wsgi:error] [pid 2237:tid 3034086208] Not Found: /\\static\\jqueryui\\jquery-ui.min.js
[Fri Jun 09 14:11:00.332709 2017] [wsgi:error] [pid 2237:tid 3050871616] Not Found: /\\static\\jqueryui\\jquery-ui.min.css
[Fri Jun 09 14:11:00.346444 2017] [wsgi:error] [pid 2237:tid 3034086208] Not Found: /\\static\\jqueryui\\jquery-ui.theme.css
[Fri Jun 09 14:11:00.351509 2017] [wsgi:error] [pid 2264:tid 3050871616] Not Found: /\\static\\jqueryui\\jquery-ui.min.js
[Fri Jun 09 14:11:00.539937 2017] [wsgi:error] [pid 2264:tid 3034086208] Not Found: /\\static\\jqueryui\\jquery-ui.min.js
[Fri Jun 09 14:14:21.540763 2017] [wsgi:error] [pid 2237:tid 3034086208] Not Found: /\\static\\jqueryui\\jquery-ui.theme.css
[Fri Jun 09 14:14:21.544578 2017] [wsgi:error] [pid 2264:tid 3050871616] Not Found: /\\static\\jqueryui\\jquery-ui.min.css
[Fri Jun 09 14:14:21.550232 2017] [wsgi:error] [pid 2264:tid 3034086208] Not Found: /\\static\\jqueryui\\jquery-ui.min.js
[Fri Jun 09 14:14:21.808486 2017] [wsgi:error] [pid 2237:tid 3025693504] Not Found: /\\static\\jqueryui\\jquery-ui.min.js
[Fri Jun 09 14:14:27.388584 2017] [wsgi:error] [pid 2237:tid 3034086208] Not Found: /accounts/login/\\static\\jqueryui\\jquery-ui.min.css
[Fri Jun 09 14:14:27.395903 2017] [wsgi:error] [pid 2264:tid 3034086208] Not Found: /accounts/login/\\static\\jqueryui\\jquery-ui.theme.css
[Fri Jun 09 14:14:27.407196 2017] [wsgi:error] [pid 2237:tid 3025693504] Not Found: /accounts/login/\\static\\jqueryui\\jquery-ui.min.js
[Fri Jun 09 14:14:27.720632 2017] [wsgi:error] [pid 2264:tid 3042478912] Not Found: /accounts/login/\\static\\jqueryui\\jquery-ui.min.js
[Fri Jun 09 14:14:35.335405 2017] [wsgi:error] [pid 2237:tid 3025693504] Not Found: /\\static\\jqueryui\\jquery-ui.min.css
[Fri Jun 09 14:14:35.348269 2017] [wsgi:error] [pid 2264:tid 3042478912] Not Found: /\\static\\jqueryui\\jquery-ui.theme.css
[Fri Jun 09 14:14:35.359562 2017] [wsgi:error] [pid 2237:tid 3034086208] Not Found: /\\static\\jqueryui\\jquery-ui.min.js
[Fri Jun 09 14:14:35.635650 2017] [wsgi:error] [pid 2264:tid 3034086208] Not Found: /\\static\\jqueryui\\jquery-ui.min.js
[Fri Jun 09 14:14:39.441352 2017] [wsgi:error] [pid 2264:tid 3034086208] Not Found: /\\static\\jqueryui\\jquery-ui.min.css
[Fri Jun 09 14:14:39.450542 2017] [wsgi:error] [pid 2237:tid 3025693504] Not Found: /\\static\\jqueryui\\jquery-ui.theme.css
[Fri Jun 09 14:14:39.456793 2017] [wsgi:error] [pid 2264:tid 3042478912] Not Found: /\\static\\jqueryui\\jquery-ui.min.js
[Fri Jun 09 14:14:41.578427 2017] [wsgi:error] [pid 2264:tid 3034086208] Not Found: /\\static\\jqueryui\\jquery-ui.min.css
[Fri Jun 09 14:14:41.599793 2017] [wsgi:error] [pid 2264:tid 3042478912] Not Found: /\\static\\jqueryui\\jquery-ui.min.js
[Fri Jun 09 14:14:41.604788 2017] [wsgi:error] [pid 2237:tid 3025693504] Not Found: /\\static\\jqueryui\\jquery-ui.theme.css
[Fri Jun 09 14:14:41.823950 2017] [wsgi:error] [pid 2237:tid 3034086208] Not Found: /\\static\\jqueryui\\jquery-ui.min.js
[Fri Jun 09 14:16:03.863252 2017] [wsgi:error] [pid 2237:tid 3025693504] Not Found: /\\static\\jqueryui\\jquery-ui.min.css
[Fri Jun 09 14:16:03.872560 2017] [wsgi:error] [pid 2264:tid 3042478912] Not Found: /\\static\\jqueryui\\jquery-ui.min.js
[Fri Jun 09 14:16:03.877949 2017] [wsgi:error] [pid 2237:tid 3034086208] Not Found: /\\static\\jqueryui\\jquery-ui.theme.css
[Fri Jun 09 14:16:06.149884 2017] [wsgi:error] [pid 2237:tid 3050871616] Not Found: /accounts/login/\\static\\jqueryui\\jquery-ui.min.css
[Fri Jun 09 14:16:06.166153 2017] [wsgi:error] [pid 2264:tid 3042478912] Not Found: /accounts/login/\\static\\jqueryui\\jquery-ui.min.js
[Fri Jun 09 14:16:06.167209 2017] [wsgi:error] [pid 2237:tid 3034086208] Not Found: /accounts/login/\\static\\jqueryui\\jquery-ui.theme.css
[Fri Jun 09 14:16:06.552583 2017] [wsgi:error] [pid 2264:tid 3034086208] Not Found: /accounts/login/\\static\\jqueryui\\jquery-ui.min.js
[Fri Jun 09 14:16:14.327122 2017] [wsgi:error] [pid 2264:tid 3034086208] Not Found: /\\static\\jqueryui\\jquery-ui.theme.css
[Fri Jun 09 14:16:14.328650 2017] [wsgi:error] [pid 2237:tid 3034086208] Not Found: /\\static\\jqueryui\\jquery-ui.min.css
[Fri Jun 09 14:16:14.342465 2017] [wsgi:error] [pid 2237:tid 3025693504] Not Found: /\\static\\jqueryui\\jquery-ui.min.js
[Fri Jun 09 14:16:14.634383 2017] [wsgi:error] [pid 2264:tid 3042478912] Not Found: /\\static\\jqueryui\\jquery-ui.min.js
[Fri Jun 09 14:16:17.546813 2017] [wsgi:error] [pid 2264:tid 3034086208] Not Found: /\\static\\jqueryui\\jquery-ui.min.css
[Fri Jun 09 14:16:17.560032 2017] [wsgi:error] [pid 2237:tid 3025693504] Not Found: /\\static\\jqueryui\\jquery-ui.theme.css
[Fri Jun 09 14:16:17.570806 2017] [wsgi:error] [pid 2264:tid 3042478912] Not Found: /\\static\\jqueryui\\jquery-ui.min.js
[Fri Jun 09 14:16:17.855840 2017] [wsgi:error] [pid 2237:tid 3034086208] Not Found: /\\static\\jqueryui\\jquery-ui.min.js
[Fri Jun 09 14:16:24.888258 2017] [wsgi:error] [pid 2264:tid 3042478912] Not Found: /\\static\\jqueryui\\jquery-ui.min.css
[Fri Jun 09 14:16:24.896256 2017] [wsgi:error] [pid 2237:tid 3034086208] Not Found: /\\static\\jqueryui\\jquery-ui.min.js
[Fri Jun 09 14:16:24.909563 2017] [wsgi:error] [pid 2264:tid 3034086208] Not Found: /\\static\\jqueryui\\jquery-ui.theme.css
[Fri Jun 09 14:16:25.237231 2017] [wsgi:error] [pid 2237:tid 3025693504] Not Found: /\\static\\jqueryui\\jquery-ui.min.js
[Fri Jun 09 14:16:27.003462 2017] [wsgi:error] [pid 2237:tid 3034086208] Not Found: /\\static\\jqueryui\\jquery-ui.min.css
[Fri Jun 09 14:16:27.016731 2017] [wsgi:error] [pid 2264:tid 3034086208] Not Found: /\\static\\jqueryui\\jquery-ui.theme.css
[Fri Jun 09 14:16:27.021731 2017] [wsgi:error] [pid 2237:tid 3025693504] Not Found: /\\static\\jqueryui\\jquery-ui.min.js
[Fri Jun 09 14:16:27.262853 2017] [wsgi:error] [pid 2264:tid 3050871616] Not Found: /\\static\\jqueryui\\jquery-ui.min.js
[Fri Jun 09 14:16:55.383660 2017] [wsgi:error] [pid 2264:tid 3034086208] Not Found: /accounts/login/\\static\\jqueryui\\jquery-ui.min.css
[Fri Jun 09 14:16:55.399343 2017] [wsgi:error] [pid 2264:tid 3050871616] Not Found: /accounts/login/\\static\\jqueryui\\jquery-ui.min.js
[Fri Jun 09 14:16:55.392939 2017] [wsgi:error] [pid 2237:tid 3025693504] Not Found: /accounts/login/\\static\\jqueryui\\jquery-ui.theme.css
[Fri Jun 09 14:16:55.679245 2017] [wsgi:error] [pid 2237:tid 3034086208] Not Found: /accounts/login/\\static\\jqueryui\\jquery-ui.min.js
[Fri Jun 09 14:17:02.628535 2017] [wsgi:error] [pid 2237:tid 3034086208] Not Found: /\\static\\jqueryui\\jquery-ui.theme.css
[Fri Jun 09 14:17:02.629806 2017] [wsgi:error] [pid 2264:tid 3050871616] Not Found: /\\static\\jqueryui\\jquery-ui.min.css
[Fri Jun 09 14:17:02.642951 2017] [wsgi:error] [pid 2264:tid 3034086208] Not Found: /\\static\\jqueryui\\jquery-ui.min.js
[Fri Jun 09 14:17:02.880035 2017] [wsgi:error] [pid 2237:tid 3025693504] Not Found: /\\static\\jqueryui\\jquery-ui.min.js
[Fri Jun 09 14:17:42.672899 2017] [wsgi:error] [pid 2237:tid 3034086208] Not Found: /\\static\\jqueryui\\jquery-ui.min.css
[Fri Jun 09 14:17:42.689587 2017] [wsgi:error] [pid 2237:tid 3025693504] Not Found: /\\static\\jqueryui\\jquery-ui.min.js
[Fri Jun 09 14:17:42.690950 2017] [wsgi:error] [pid 2264:tid 3034086208] Not Found: /\\static\\jqueryui\\jquery-ui.theme.css
[Fri Jun 09 14:18:10.204769 2017] [wsgi:error] [pid 2237:tid 3034086208] Not Found: /\\static\\jqueryui\\jquery-ui.min.css
[Fri Jun 09 14:18:10.221742 2017] [wsgi:error] [pid 2264:tid 3034086208] Not Found: /\\static\\jqueryui\\jquery-ui.theme.css
[Fri Jun 09 14:18:10.228378 2017] [wsgi:error] [pid 2237:tid 3025693504] Not Found: /\\static\\jqueryui\\jquery-ui.min.js
[Fri Jun 09 14:18:10.609265 2017] [wsgi:error] [pid 2264:tid 3050871616] Not Found: /\\static\\jqueryui\\jquery-ui.min.js
[Fri Jun 09 14:18:21.312836 2017] [wsgi:error] [pid 2237:tid 3025693504] Not Found: /\\static\\jqueryui\\jquery-ui.min.css
[Fri Jun 09 14:18:21.319260 2017] [wsgi:error] [pid 2264:tid 3050871616] Not Found: /\\static\\jqueryui\\jquery-ui.theme.css
[Fri Jun 09 14:18:21.327086 2017] [wsgi:error] [pid 2237:tid 3034086208] Not Found: /\\static\\jqueryui\\jquery-ui.min.js
[Fri Jun 09 14:18:21.568215 2017] [wsgi:error] [pid 2264:tid 3034086208] Not Found: /\\static\\jqueryui\\jquery-ui.min.js
[Fri Jun 09 14:19:37.676844 2017] [wsgi:error] [pid 2264:tid 3050871616] Not Found: /\\static\\jqueryui\\jquery-ui.min.css
[Fri Jun 09 14:19:37.687324 2017] [wsgi:error] [pid 2237:tid 3034086208] Not Found: /\\static\\jqueryui\\jquery-ui.theme.css
[Fri Jun 09 14:19:37.701177 2017] [wsgi:error] [pid 2264:tid 3034086208] Not Found: /\\static\\jqueryui\\jquery-ui.min.js
[Fri Jun 09 14:19:41.044722 2017] [wsgi:error] [pid 2237:tid 3034086208] Not Found: /\\static\\jqueryui\\jquery-ui.min.css
[Fri Jun 09 14:19:41.051067 2017] [wsgi:error] [pid 2264:tid 3034086208] Not Found: /\\static\\jqueryui\\jquery-ui.theme.css
[Fri Jun 09 14:19:41.062655 2017] [wsgi:error] [pid 2237:tid 3050871616] Not Found: /\\static\\jqueryui\\jquery-ui.min.js
[Fri Jun 09 14:19:41.291591 2017] [wsgi:error] [pid 2264:tid 3050871616] Not Found: /\\static\\jqueryui\\jquery-ui.min.js
[Fri Jun 09 14:19:43.208281 2017] [wsgi:error] [pid 2237:tid 3050871616] Not Found: /accounts/login/\\static\\jqueryui\\jquery-ui.theme.css
[Fri Jun 09 14:19:43.211839 2017] [wsgi:error] [pid 2264:tid 3034086208] Not Found: /accounts/login/\\static\\jqueryui\\jquery-ui.min.css
[Fri Jun 09 14:19:43.222852 2017] [wsgi:error] [pid 2264:tid 3050871616] Not Found: /accounts/login/\\static\\jqueryui\\jquery-ui.min.js
[Fri Jun 09 14:19:43.549309 2017] [wsgi:error] [pid 2237:tid 3034086208] Not Found: /accounts/login/\\static\\jqueryui\\jquery-ui.min.js
[Fri Jun 09 14:19:47.653401 2017] [wsgi:error] [pid 2264:tid 3050871616] Not Found: /\\static\\jqueryui\\jquery-ui.min.css
[Fri Jun 09 14:19:47.664578 2017] [wsgi:error] [pid 2237:tid 3034086208] Not Found: /\\static\\jqueryui\\jquery-ui.theme.css
[Fri Jun 09 14:19:47.681092 2017] [wsgi:error] [pid 2264:tid 3042478912] Not Found: /\\static\\jqueryui\\jquery-ui.min.js
[Fri Jun 09 14:21:35.124894 2017] [wsgi:error] [pid 2237:tid 3050871616] Internal Server Error: /
[Fri Jun 09 14:21:35.125005 2017] [wsgi:error] [pid 2237:tid 3050871616] Traceback (most recent call last):
[Fri Jun 09 14:21:35.125021 2017] [wsgi:error] [pid 2237:tid 3050871616]   File "/home/pract/project_base/lib/python2.7/site-packages/django/core/handlers/exception.py", line 41, in inner
[Fri Jun 09 14:21:35.125059 2017] [wsgi:error] [pid 2237:tid 3050871616]     response = get_response(request)
[Fri Jun 09 14:21:35.125072 2017] [wsgi:error] [pid 2237:tid 3050871616]   File "/home/pract/project_base/lib/python2.7/site-packages/django/core/handlers/base.py", line 249, in _legacy_get_response
[Fri Jun 09 14:21:35.125084 2017] [wsgi:error] [pid 2237:tid 3050871616]     response = self._get_response(request)
[Fri Jun 09 14:21:35.125096 2017] [wsgi:error] [pid 2237:tid 3050871616]   File "/home/pract/project_base/lib/python2.7/site-packages/django/core/handlers/base.py", line 187, in _get_response
[Fri Jun 09 14:21:35.125108 2017] [wsgi:error] [pid 2237:tid 3050871616]     response = self.process_exception_by_middleware(e, request)
[Fri Jun 09 14:21:35.125120 2017] [wsgi:error] [pid 2237:tid 3050871616]   File "/home/pract/project_base/lib/python2.7/site-packages/django/core/handlers/base.py", line 185, in _get_response
[Fri Jun 09 14:21:35.125133 2017] [wsgi:error] [pid 2237:tid 3050871616]     response = wrapped_callback(request, *callback_args, **callback_kwargs)
[Fri Jun 09 14:21:35.125145 2017] [wsgi:error] [pid 2237:tid 3050871616]   File "/home/pract/project_base/sportbase/sportapp/views.py", line 85, in list_view
[Fri Jun 09 14:21:35.125157 2017] [wsgi:error] [pid 2237:tid 3050871616]     return render(request, 'sportapp/list.html', context)
[Fri Jun 09 14:21:35.125169 2017] [wsgi:error] [pid 2237:tid 3050871616]   File "/home/pract/project_base/lib/python2.7/site-packages/django/shortcuts.py", line 30, in render
[Fri Jun 09 14:21:35.125181 2017] [wsgi:error] [pid 2237:tid 3050871616]     content = loader.render_to_string(template_name, context, request, using=using)
[Fri Jun 09 14:21:35.125193 2017] [wsgi:error] [pid 2237:tid 3050871616]   File "/home/pract/project_base/lib/python2.7/site-packages/django/template/loader.py", line 68, in render_to_string
[Fri Jun 09 14:21:35.125205 2017] [wsgi:error] [pid 2237:tid 3050871616]     return template.render(context, request)
[Fri Jun 09 14:21:35.125217 2017] [wsgi:error] [pid 2237:tid 3050871616]   File "/home/pract/project_base/lib/python2.7/site-packages/django/template/backends/django.py", line 66, in render
[Fri Jun 09 14:21:35.125229 2017] [wsgi:error] [pid 2237:tid 3050871616]     return self.template.render(context)
[Fri Jun 09 14:21:35.125241 2017] [wsgi:error] [pid 2237:tid 3050871616]   File "/home/pract/project_base/lib/python2.7/site-packages/django/template/base.py", line 207, in render
[Fri Jun 09 14:21:35.125253 2017] [wsgi:error] [pid 2237:tid 3050871616]     return self._render(context)
[Fri Jun 09 14:21:35.125276 2017] [wsgi:error] [pid 2237:tid 3050871616]   File "/home/pract/project_base/lib/python2.7/site-packages/django/template/base.py", line 199, in _render
[Fri Jun 09 14:21:35.125288 2017] [wsgi:error] [pid 2237:tid 3050871616]     return self.nodelist.render(context)
[Fri Jun 09 14:21:35.125300 2017] [wsgi:error] [pid 2237:tid 3050871616]   File "/home/pract/project_base/lib/python2.7/site-packages/django/template/base.py", line 990, in render
[Fri Jun 09 14:21:35.125312 2017] [wsgi:error] [pid 2237:tid 3050871616]     bit = node.render_annotated(context)
[Fri Jun 09 14:21:35.125324 2017] [wsgi:error] [pid 2237:tid 3050871616]   File "/home/pract/project_base/lib/python2.7/site-packages/django/template/base.py", line 957, in render_annotated
[Fri Jun 09 14:21:35.125336 2017] [wsgi:error] [pid 2237:tid 3050871616]     return self.render(context)
[Fri Jun 09 14:21:35.125348 2017] [wsgi:error] [pid 2237:tid 3050871616]   File "/home/pract/project_base/lib/python2.7/site-packages/django/template/loader_tags.py", line 154, in render
[Fri Jun 09 14:21:35.125360 2017] [wsgi:error] [pid 2237:tid 3050871616]     compiled_parent = self.get_parent(context)
[Fri Jun 09 14:21:35.125372 2017] [wsgi:error] [pid 2237:tid 3050871616]   File "/home/pract/project_base/lib/python2.7/site-packages/django/template/loader_tags.py", line 151, in get_parent
[Fri Jun 09 14:21:35.125384 2017] [wsgi:error] [pid 2237:tid 3050871616]     return self.find_template(parent, context)
[Fri Jun 09 14:21:35.125410 2017] [wsgi:error] [pid 2237:tid 3050871616]   File "/home/pract/project_base/lib/python2.7/site-packages/django/template/loader_tags.py", line 131, in find_template
[Fri Jun 09 14:21:35.125423 2017] [wsgi:error] [pid 2237:tid 3050871616]     template_name, skip=history,
[Fri Jun 09 14:21:35.125435 2017] [wsgi:error] [pid 2237:tid 3050871616]   File "/home/pract/project_base/lib/python2.7/site-packages/django/template/engine.py", line 136, in find_template
[Fri Jun 09 14:21:35.125447 2017] [wsgi:error] [pid 2237:tid 3050871616]     name, template_dirs=dirs, skip=skip,
[Fri Jun 09 14:21:35.125489 2017] [wsgi:error] [pid 2237:tid 3050871616]   File "/home/pract/project_base/lib/python2.7/site-packages/django/template/loaders/base.py", line 44, in get_template
[Fri Jun 09 14:21:35.125522 2017] [wsgi:error] [pid 2237:tid 3050871616]     contents, origin, origin.template_name, self.engine,
[Fri Jun 09 14:21:35.125535 2017] [wsgi:error] [pid 2237:tid 3050871616]   File "/home/pract/project_base/lib/python2.7/site-packages/django/template/base.py", line 191, in __init__
[Fri Jun 09 14:21:35.125547 2017] [wsgi:error] [pid 2237:tid 3050871616]     self.nodelist = self.compile_nodelist()
[Fri Jun 09 14:21:35.125569 2017] [wsgi:error] [pid 2237:tid 3050871616]   File "/home/pract/project_base/lib/python2.7/site-packages/django/template/base.py", line 230, in compile_nodelist
[Fri Jun 09 14:21:35.125590 2017] [wsgi:error] [pid 2237:tid 3050871616]     return parser.parse()
[Fri Jun 09 14:21:35.125603 2017] [wsgi:error] [pid 2237:tid 3050871616]   File "/home/pract/project_base/lib/python2.7/site-packages/django/template/base.py", line 515, in parse
[Fri Jun 09 14:21:35.125615 2017] [wsgi:error] [pid 2237:tid 3050871616]     raise self.error(token, e)
[Fri Jun 09 14:21:35.125636 2017] [wsgi:error] [pid 2237:tid 3050871616] TemplateSyntaxError: Unclosed tag on line 65: 'if'. Looking for one of: elif, else, endif.
[Fri Jun 09 14:22:10.075420 2017] [wsgi:error] [pid 2237:tid 3034086208] Not Found: /\\static\\jqueryui\\jquery-ui.min.css
[Fri Jun 09 14:22:10.091223 2017] [wsgi:error] [pid 2237:tid 3050871616] Not Found: /\\static\\jqueryui\\jquery-ui.min.js
[Fri Jun 09 14:22:10.095685 2017] [wsgi:error] [pid 2264:tid 3042478912] Not Found: /\\static\\jqueryui\\jquery-ui.theme.css
[Fri Jun 09 14:22:10.378152 2017] [wsgi:error] [pid 2264:tid 3050871616] Not Found: /\\static\\jqueryui\\jquery-ui.min.js
[Fri Jun 09 14:22:13.939081 2017] [wsgi:error] [pid 2237:tid 3050871616] Not Found: /\\static\\jqueryui\\jquery-ui.min.css
[Fri Jun 09 14:22:13.954106 2017] [wsgi:error] [pid 2264:tid 3050871616] Not Found: /\\static\\jqueryui\\jquery-ui.theme.css
[Fri Jun 09 14:22:13.960790 2017] [wsgi:error] [pid 2237:tid 3034086208] Not Found: /\\static\\jqueryui\\jquery-ui.min.js
[Fri Jun 09 14:22:14.385242 2017] [wsgi:error] [pid 2264:tid 3042478912] Not Found: /\\static\\jqueryui\\jquery-ui.min.js
[Fri Jun 09 14:22:16.399757 2017] [wsgi:error] [pid 2237:tid 3034086208] Not Found: /accounts/login/\\static\\jqueryui\\jquery-ui.theme.css
[Fri Jun 09 14:22:16.402381 2017] [wsgi:error] [pid 2264:tid 3050871616] Not Found: /accounts/login/\\static\\jqueryui\\jquery-ui.min.css
[Fri Jun 09 14:22:16.421308 2017] [wsgi:error] [pid 2264:tid 3042478912] Not Found: /accounts/login/\\static\\jqueryui\\jquery-ui.min.js
[Fri Jun 09 14:22:16.797881 2017] [wsgi:error] [pid 2237:tid 3050871616] Not Found: /accounts/login/\\static\\jqueryui\\jquery-ui.min.js
[Fri Jun 09 14:22:21.591561 2017] [wsgi:error] [pid 2264:tid 3042478912] Not Found: /\\static\\jqueryui\\jquery-ui.min.css
[Fri Jun 09 14:22:21.598356 2017] [wsgi:error] [pid 2237:tid 3050871616] Not Found: /\\static\\jqueryui\\jquery-ui.theme.css
[Fri Jun 09 14:22:21.608754 2017] [wsgi:error] [pid 2264:tid 3034086208] Not Found: /\\static\\jqueryui\\jquery-ui.min.js
[Fri Jun 09 14:22:21.888573 2017] [wsgi:error] [pid 2237:tid 3034086208] Not Found: /\\static\\jqueryui\\jquery-ui.min.js
[Fri Jun 09 14:23:46.267089 2017] [wsgi:error] [pid 2264:tid 3034086208] Not Found: /\\static\\jqueryui\\jquery-ui.theme.css
[Fri Jun 09 14:23:46.269520 2017] [wsgi:error] [pid 2237:tid 3050871616] Not Found: /\\static\\jqueryui\\jquery-ui.min.css
[Fri Jun 09 14:23:46.275937 2017] [wsgi:error] [pid 2237:tid 3034086208] Not Found: /\\static\\jqueryui\\jquery-ui.min.js
[Fri Jun 09 14:23:46.576204 2017] [wsgi:error] [pid 2264:tid 3042478912] Not Found: /\\static\\jqueryui\\jquery-ui.min.js
[Fri Jun 09 14:25:46.315109 2017] [wsgi:error] [pid 2264:tid 3034086208] Not Found: /\\static\\jqueryui\\jquery-ui.min.css
[Fri Jun 09 14:25:46.327210 2017] [wsgi:error] [pid 2237:tid 3034086208] Not Found: /\\static\\jqueryui\\jquery-ui.theme.css
[Fri Jun 09 14:25:46.339980 2017] [wsgi:error] [pid 2264:tid 3042478912] Not Found: /\\static\\jqueryui\\jquery-ui.min.js
[Fri Jun 09 14:25:46.619470 2017] [wsgi:error] [pid 2237:tid 3050871616] Not Found: /\\static\\jqueryui\\jquery-ui.min.js
[Fri Jun 09 14:28:20.547218 2017] [wsgi:error] [pid 2237:tid 3034086208] Not Found: /\\static\\jqueryui\\jquery-ui.min.css
[Fri Jun 09 14:28:20.544931 2017] [wsgi:error] [pid 2264:tid 3042478912] Not Found: /\\static\\jqueryui\\jquery-ui.theme.css
[Fri Jun 09 14:28:20.560194 2017] [wsgi:error] [pid 2237:tid 3050871616] Not Found: /\\static\\jqueryui\\jquery-ui.min.js
[Fri Jun 09 14:28:35.861359 2017] [wsgi:error] [pid 2264:tid 3042478912] Not Found: /\\static\\jqueryui\\jquery-ui.theme.css
[Fri Jun 09 14:28:35.867244 2017] [wsgi:error] [pid 2237:tid 3034086208] Not Found: /\\static\\jqueryui\\jquery-ui.min.css
[Fri Jun 09 14:28:35.874356 2017] [wsgi:error] [pid 2237:tid 3050871616] Not Found: /\\static\\jqueryui\\jquery-ui.min.js
[Fri Jun 09 14:31:58.049719 2017] [wsgi:error] [pid 2237:tid 3034086208] Not Found: /\\static\\jqueryui\\jquery-ui.min.css
[Fri Jun 09 14:31:58.060925 2017] [wsgi:error] [pid 2264:tid 3042478912] Not Found: /\\static\\jqueryui\\jquery-ui.min.js
[Fri Jun 09 14:31:58.067394 2017] [wsgi:error] [pid 2237:tid 3050871616] Not Found: /\\static\\jqueryui\\jquery-ui.theme.css
[Fri Jun 09 14:31:58.274305 2017] [wsgi:error] [pid 2264:tid 3034086208] Not Found: /\\static\\jqueryui\\jquery-ui.min.js
[Fri Jun 09 14:32:38.878791 2017] [wsgi:error] [pid 2264:tid 3042478912] Not Found: /\\static\\jqueryui\\jquery-ui.min.css
[Fri Jun 09 14:32:38.894826 2017] [wsgi:error] [pid 2237:tid 3050871616] Not Found: /\\static\\jqueryui\\jquery-ui.theme.css
[Fri Jun 09 14:32:38.903299 2017] [wsgi:error] [pid 2264:tid 3034086208] Not Found: /\\static\\jqueryui\\jquery-ui.min.js
[Fri Jun 09 14:32:39.089310 2017] [wsgi:error] [pid 2237:tid 3025693504] Not Found: /\\static\\jqueryui\\jquery-ui.min.js
[Fri Jun 09 14:34:12.676797 2017] [wsgi:error] [pid 2264:tid 3034086208] Not Found: /\\static\\jqueryui\\jquery-ui.min.css
[Fri Jun 09 14:34:12.685140 2017] [wsgi:error] [pid 2237:tid 3025693504] Not Found: /\\static\\jqueryui\\jquery-ui.theme.css
[Fri Jun 09 14:34:12.695922 2017] [wsgi:error] [pid 2264:tid 3042478912] Not Found: /\\static\\jqueryui\\jquery-ui.min.js
[Fri Jun 09 14:34:12.944933 2017] [wsgi:error] [pid 2237:tid 3050871616] Not Found: /\\static\\jqueryui\\jquery-ui.min.js
[Fri Jun 09 14:35:35.048779 2017] [wsgi:error] [pid 2237:tid 3025693504] Not Found: /\\static\\jqueryui\\jquery-ui.min.css
[Fri Jun 09 14:35:35.056319 2017] [wsgi:error] [pid 2264:tid 3042478912] Not Found: /\\static\\jqueryui\\jquery-ui.theme.css
[Fri Jun 09 14:35:35.070359 2017] [wsgi:error] [pid 2237:tid 3050871616] Not Found: /\\static\\jqueryui\\jquery-ui.min.js
[Fri Jun 09 14:35:35.272641 2017] [wsgi:error] [pid 2264:tid 3034086208] Not Found: /\\static\\jqueryui\\jquery-ui.min.js
[Fri Jun 09 14:36:00.557391 2017] [wsgi:error] [pid 2264:tid 3042478912] Not Found: /\\static\\jqueryui\\jquery-ui.min.css
[Fri Jun 09 14:36:00.571890 2017] [wsgi:error] [pid 2237:tid 3050871616] Not Found: /\\static\\jqueryui\\jquery-ui.theme.css
[Fri Jun 09 14:36:00.589976 2017] [wsgi:error] [pid 2264:tid 3034086208] Not Found: /\\static\\jqueryui\\jquery-ui.min.js
[Fri Jun 09 14:36:00.858662 2017] [wsgi:error] [pid 2237:tid 3025693504] Not Found: /\\static\\jqueryui\\jquery-ui.min.js
[Fri Jun 09 14:37:03.750554 2017] [wsgi:error] [pid 2264:tid 3034086208] Not Found: /\\static\\jqueryui\\jquery-ui.theme.css
[Fri Jun 09 14:37:03.751961 2017] [wsgi:error] [pid 2237:tid 3050871616] Not Found: /\\static\\jqueryui\\jquery-ui.min.css
[Fri Jun 09 14:37:03.770370 2017] [wsgi:error] [pid 2237:tid 3025693504] Not Found: /\\static\\jqueryui\\jquery-ui.min.js
[Fri Jun 09 14:37:04.032924 2017] [wsgi:error] [pid 2264:tid 3042478912] Not Found: /\\static\\jqueryui\\jquery-ui.min.js
[Fri Jun 09 14:37:08.842670 2017] [wsgi:error] [pid 2264:tid 3034086208] Not Found: /accounts/login/\\static\\jqueryui\\jquery-ui.min.css
[Fri Jun 09 14:37:08.854655 2017] [wsgi:error] [pid 2237:tid 3025693504] Not Found: /accounts/login/\\static\\jqueryui\\jquery-ui.theme.css
[Fri Jun 09 14:37:08.865759 2017] [wsgi:error] [pid 2264:tid 3042478912] Not Found: /accounts/login/\\static\\jqueryui\\jquery-ui.min.js
[Fri Jun 09 14:37:09.138126 2017] [wsgi:error] [pid 2237:tid 3050871616] Not Found: /accounts/login/\\static\\jqueryui\\jquery-ui.min.js
[Fri Jun 09 14:37:18.716349 2017] [wsgi:error] [pid 2237:tid 3050871616] Not Found: /\\static\\jqueryui\\jquery-ui.theme.css
[Fri Jun 09 14:37:18.717387 2017] [wsgi:error] [pid 2264:tid 3042478912] Not Found: /\\static\\jqueryui\\jquery-ui.min.css
[Fri Jun 09 14:37:18.723718 2017] [wsgi:error] [pid 2264:tid 3034086208] Not Found: /\\static\\jqueryui\\jquery-ui.min.js
[Fri Jun 09 14:37:19.032734 2017] [wsgi:error] [pid 2237:tid 3025693504] Not Found: /\\static\\jqueryui\\jquery-ui.min.js
[Fri Jun 09 14:39:24.685374 2017] [wsgi:error] [pid 2237:tid 3050871616] Not Found: /\\static\\jqueryui\\jquery-ui.min.css
[Fri Jun 09 14:39:24.707520 2017] [wsgi:error] [pid 2264:tid 3042478912] Not Found: /\\static\\jqueryui\\jquery-ui.min.js
[Fri Jun 09 14:39:24.711665 2017] [wsgi:error] [pid 2264:tid 3034086208] Not Found: /\\static\\jqueryui\\jquery-ui.theme.css
[Fri Jun 09 14:39:24.949235 2017] [wsgi:error] [pid 2264:tid 3050871616] Not Found: /\\static\\jqueryui\\jquery-ui.min.js
[Fri Jun 09 14:40:41.240417 2017] [wsgi:error] [pid 2462:tid 3025693504] Not Found: /\\static\\jqueryui\\jquery-ui.theme.css
[Fri Jun 09 14:40:42.480281 2017] [wsgi:error] [pid 2461:tid 3050871616] Not Found: /\\static\\jqueryui\\jquery-ui.min.css
[Fri Jun 09 14:40:42.492416 2017] [wsgi:error] [pid 2461:tid 3025693504] Not Found: /\\static\\jqueryui\\jquery-ui.min.js
[Fri Jun 09 14:40:42.632705 2017] [wsgi:error] [pid 2462:tid 3050871616] Not Found: /\\static\\jqueryui\\jquery-ui.min.js
[Fri Jun 09 14:41:05.579337 2017] [wsgi:error] [pid 2462:tid 3025693504] Not Found: /\\static\\jqueryui\\jquery-ui.min.css
[Fri Jun 09 14:41:05.599690 2017] [wsgi:error] [pid 2462:tid 3050871616] Not Found: /\\static\\jqueryui\\jquery-ui.min.js
[Fri Jun 09 14:41:05.602646 2017] [wsgi:error] [pid 2461:tid 3050871616] Not Found: /\\static\\jqueryui\\jquery-ui.theme.css
[Fri Jun 09 14:41:05.847004 2017] [wsgi:error] [pid 2461:tid 3034086208] Not Found: /\\static\\jqueryui\\jquery-ui.min.js
[Fri Jun 09 14:41:11.491506 2017] [wsgi:error] [pid 2461:tid 3034086208] Not Found: /\\static\\jqueryui\\jquery-ui.min.css
[Fri Jun 09 14:41:11.511262 2017] [wsgi:error] [pid 2461:tid 3050871616] Not Found: /\\static\\jqueryui\\jquery-ui.min.js
[Fri Jun 09 14:41:11.512887 2017] [wsgi:error] [pid 2462:tid 3050871616] Not Found: /\\static\\jqueryui\\jquery-ui.theme.css
[Fri Jun 09 14:41:11.746133 2017] [wsgi:error] [pid 2462:tid 3025693504] Not Found: /\\static\\jqueryui\\jquery-ui.min.js
[Fri Jun 09 14:41:13.438858 2017] [wsgi:error] [pid 2462:tid 3050871616] Not Found: /accounts/login/\\static\\jqueryui\\jquery-ui.min.css
[Fri Jun 09 14:41:13.446951 2017] [wsgi:error] [pid 2461:tid 3050871616] Not Found: /accounts/login/\\static\\jqueryui\\jquery-ui.theme.css
[Fri Jun 09 14:41:13.455344 2017] [wsgi:error] [pid 2462:tid 3025693504] Not Found: /accounts/login/\\static\\jqueryui\\jquery-ui.min.js
[Fri Jun 09 14:41:13.708591 2017] [wsgi:error] [pid 2461:tid 3034086208] Not Found: /accounts/login/\\static\\jqueryui\\jquery-ui.min.js
[Fri Jun 09 14:41:20.866232 2017] [wsgi:error] [pid 2461:tid 3050871616] Not Found: /accounts/login/\\static\\jqueryui\\jquery-ui.min.css
[Fri Jun 09 14:41:20.874521 2017] [wsgi:error] [pid 2462:tid 3025693504] Not Found: /accounts/login/\\static\\jqueryui\\jquery-ui.theme.css
[Fri Jun 09 14:41:20.885314 2017] [wsgi:error] [pid 2461:tid 3034086208] Not Found: /accounts/login/\\static\\jqueryui\\jquery-ui.min.js
[Fri Jun 09 14:41:21.186730 2017] [wsgi:error] [pid 2462:tid 3050871616] Not Found: /accounts/login/\\static\\jqueryui\\jquery-ui.min.js
[Fri Jun 09 14:42:10.112344 2017] [wsgi:error] [pid 2462:tid 3050871616] Not Found: /\\static\\jqueryui\\jquery-ui.theme.css
[Fri Jun 09 14:42:10.114613 2017] [wsgi:error] [pid 2461:tid 3034086208] Not Found: /\\static\\jqueryui\\jquery-ui.min.css
[Fri Jun 09 14:42:10.121921 2017] [wsgi:error] [pid 2461:tid 3050871616] Not Found: /\\static\\jqueryui\\jquery-ui.min.js
[Fri Jun 09 14:42:10.455616 2017] [wsgi:error] [pid 2462:tid 3025693504] Not Found: /\\static\\jqueryui\\jquery-ui.min.js
[Fri Jun 09 14:44:29.284798 2017] [wsgi:error] [pid 2461:tid 3050871616] Not Found: /\\static\\jqueryui\\jquery-ui.theme.css
[Fri Jun 09 14:44:29.300410 2017] [wsgi:error] [pid 2462:tid 3025693504] Not Found: /\\static\\jqueryui\\jquery-ui.min.js
[Fri Jun 09 14:44:29.301309 2017] [wsgi:error] [pid 2462:tid 3050871616] Not Found: /\\static\\jqueryui\\jquery-ui.min.css
[Fri Jun 09 14:44:29.601908 2017] [wsgi:error] [pid 2461:tid 3025693504] Not Found: /\\static\\jqueryui\\jquery-ui.min.js
[Fri Jun 09 14:44:34.204091 2017] [wsgi:error] [pid 2462:tid 3025693504] Not Found: /\\static\\jqueryui\\jquery-ui.min.css
[Fri Jun 09 14:44:34.223629 2017] [wsgi:error] [pid 2462:tid 3034086208] Not Found: /\\static\\jqueryui\\jquery-ui.min.js
[Fri Jun 09 14:44:34.212674 2017] [wsgi:error] [pid 2461:tid 3025693504] Not Found: /\\static\\jqueryui\\jquery-ui.theme.css
[Fri Jun 09 14:44:34.463502 2017] [wsgi:error] [pid 2461:tid 3050871616] Not Found: /\\static\\jqueryui\\jquery-ui.min.js
[Fri Jun 09 14:44:35.632371 2017] [wsgi:error] [pid 2461:tid 3025693504] Not Found: /accounts/login/\\static\\jqueryui\\jquery-ui.min.css
[Fri Jun 09 14:44:35.640457 2017] [wsgi:error] [pid 2462:tid 3034086208] Not Found: /accounts/login/\\static\\jqueryui\\jquery-ui.theme.css
[Fri Jun 09 14:44:35.646987 2017] [wsgi:error] [pid 2461:tid 3050871616] Not Found: /accounts/login/\\static\\jqueryui\\jquery-ui.min.js
[Fri Jun 09 14:44:35.935552 2017] [wsgi:error] [pid 2462:tid 3025693504] Not Found: /accounts/login/\\static\\jqueryui\\jquery-ui.min.js
[Fri Jun 09 14:44:43.026022 2017] [wsgi:error] [pid 2461:tid 3050871616] Not Found: /\\static\\jqueryui\\jquery-ui.min.css
[Fri Jun 09 14:44:43.037688 2017] [wsgi:error] [pid 2462:tid 3025693504] Not Found: /\\static\\jqueryui\\jquery-ui.theme.css
[Fri Jun 09 14:44:43.048545 2017] [wsgi:error] [pid 2461:tid 3025693504] Not Found: /\\static\\jqueryui\\jquery-ui.min.js
[Fri Jun 09 14:44:43.338067 2017] [wsgi:error] [pid 2462:tid 3034086208] Not Found: /\\static\\jqueryui\\jquery-ui.min.js
[Fri Jun 09 14:44:50.739227 2017] [wsgi:error] [pid 2462:tid 3025693504] Not Found: /static/admin/css/base.css
[Fri Jun 09 14:44:50.756752 2017] [wsgi:error] [pid 2461:tid 3025693504] Not Found: /static/admin/css/dashboard.css
[Fri Jun 09 14:45:39.154424 2017] [wsgi:error] [pid 2461:tid 3050871616] Not Found: /\\static\\jqueryui\\jquery-ui.min.css
[Fri Jun 09 14:45:39.162939 2017] [wsgi:error] [pid 2462:tid 3025693504] Not Found: /\\static\\jqueryui\\jquery-ui.theme.css
[Fri Jun 09 14:45:39.170771 2017] [wsgi:error] [pid 2461:tid 3025693504] Not Found: /\\static\\jqueryui\\jquery-ui.min.js
[Fri Jun 09 14:45:39.440536 2017] [wsgi:error] [pid 2462:tid 3034086208] Not Found: /\\static\\jqueryui\\jquery-ui.min.js
[Fri Jun 09 14:45:41.415501 2017] [wsgi:error] [pid 2461:tid 3025693504] Not Found: /\\static\\jqueryui\\jquery-ui.theme.css
[Fri Jun 09 14:45:41.417353 2017] [wsgi:error] [pid 2462:tid 3025693504] Not Found: /\\static\\jqueryui\\jquery-ui.min.css
[Fri Jun 09 14:45:41.426932 2017] [wsgi:error] [pid 2462:tid 3034086208] Not Found: /\\static\\jqueryui\\jquery-ui.min.js
[Fri Jun 09 14:45:41.644683 2017] [wsgi:error] [pid 2461:tid 3050871616] Not Found: /\\static\\jqueryui\\jquery-ui.min.js
[Fri Jun 09 14:45:43.152551 2017] [wsgi:error] [pid 2461:tid 3025693504] Not Found: /\\static\\jqueryui\\jquery-ui.min.css
[Fri Jun 09 14:45:43.159829 2017] [wsgi:error] [pid 2462:tid 3034086208] Not Found: /\\static\\jqueryui\\jquery-ui.theme.css
[Fri Jun 09 14:45:43.168036 2017] [wsgi:error] [pid 2461:tid 3050871616] Not Found: /\\static\\jqueryui\\jquery-ui.min.js
[Fri Jun 09 14:45:43.399882 2017] [wsgi:error] [pid 2462:tid 3025693504] Not Found: /\\static\\jqueryui\\jquery-ui.min.js
[Fri Jun 09 14:45:47.524582 2017] [wsgi:error] [pid 2462:tid 3025693504] Not Found: /\\static\\jqueryui\\jquery-ui.min.css
[Fri Jun 09 14:45:47.532526 2017] [wsgi:error] [pid 2461:tid 3050871616] Not Found: /\\static\\jqueryui\\jquery-ui.theme.css
[Fri Jun 09 14:45:47.545155 2017] [wsgi:error] [pid 2462:tid 3034086208] Not Found: /\\static\\jqueryui\\jquery-ui.min.js
[Fri Jun 09 14:45:47.784486 2017] [wsgi:error] [pid 2461:tid 3025693504] Not Found: /\\static\\jqueryui\\jquery-ui.min.js
[Fri Jun 09 14:45:49.688583 2017] [wsgi:error] [pid 2461:tid 3050871616] Not Found: /accounts/login/\\static\\jqueryui\\jquery-ui.min.css
[Fri Jun 09 14:45:49.698216 2017] [wsgi:error] [pid 2462:tid 3034086208] Not Found: /accounts/login/\\static\\jqueryui\\jquery-ui.theme.css
[Fri Jun 09 14:45:49.710259 2017] [wsgi:error] [pid 2461:tid 3025693504] Not Found: /accounts/login/\\static\\jqueryui\\jquery-ui.min.js
[Fri Jun 09 14:45:50.058718 2017] [wsgi:error] [pid 2462:tid 3025693504] Not Found: /accounts/login/\\static\\jqueryui\\jquery-ui.min.js
[Fri Jun 09 14:45:56.535142 2017] [wsgi:error] [pid 2462:tid 3034086208] Not Found: /accounts/login/\\static\\jqueryui\\jquery-ui.min.css
[Fri Jun 09 14:45:56.552840 2017] [wsgi:error] [pid 2462:tid 3025693504] Not Found: /accounts/login/\\static\\jqueryui\\jquery-ui.theme.css
[Fri Jun 09 14:45:56.560179 2017] [wsgi:error] [pid 2461:tid 3025693504] Not Found: /accounts/login/\\static\\jqueryui\\jquery-ui.min.js
[Fri Jun 09 14:45:56.855713 2017] [wsgi:error] [pid 2461:tid 3050871616] Not Found: /accounts/login/\\static\\jqueryui\\jquery-ui.min.js
[Fri Jun 09 14:46:05.966377 2017] [wsgi:error] [pid 2462:tid 3025693504] Not Found: /\\static\\jqueryui\\jquery-ui.min.css
[Fri Jun 09 14:46:05.974625 2017] [wsgi:error] [pid 2461:tid 3050871616] Not Found: /\\static\\jqueryui\\jquery-ui.theme.css
[Fri Jun 09 14:46:05.980578 2017] [wsgi:error] [pid 2462:tid 3050871616] Not Found: /\\static\\jqueryui\\jquery-ui.min.js
[Fri Jun 09 14:46:08.371462 2017] [wsgi:error] [pid 2462:tid 3025693504] Not Found: /\\static\\jqueryui\\jquery-ui.min.css
[Fri Jun 09 14:46:08.398058 2017] [wsgi:error] [pid 2461:tid 3050871616] Not Found: /\\static\\jqueryui\\jquery-ui.min.js
[Fri Jun 09 14:46:08.404126 2017] [wsgi:error] [pid 2462:tid 3050871616] Not Found: /\\static\\jqueryui\\jquery-ui.theme.css
[Fri Jun 09 14:46:08.722353 2017] [wsgi:error] [pid 2461:tid 3025693504] Not Found: /\\static\\jqueryui\\jquery-ui.min.js
[Fri Jun 09 14:46:43.097568 2017] [wsgi:error] [pid 2461:tid 3050871616] Not Found: /\\static\\jqueryui\\jquery-ui.min.css
[Fri Jun 09 14:46:43.100092 2017] [wsgi:error] [pid 2462:tid 3050871616] Not Found: /\\static\\jqueryui\\jquery-ui.theme.css
[Fri Jun 09 14:46:43.109376 2017] [wsgi:error] [pid 2461:tid 3025693504] Not Found: /\\static\\jqueryui\\jquery-ui.min.js
[Fri Jun 09 14:46:43.298924 2017] [wsgi:error] [pid 2462:tid 3034086208] Not Found: /\\static\\jqueryui\\jquery-ui.min.js
[Fri Jun 09 14:48:00.323530 2017] [wsgi:error] [pid 2461:tid 3025693504] Not Found: /\\static\\jqueryui\\jquery-ui.min.css
[Fri Jun 09 14:48:00.331756 2017] [wsgi:error] [pid 2462:tid 3034086208] Not Found: /\\static\\jqueryui\\jquery-ui.theme.css
[Fri Jun 09 14:48:00.338108 2017] [wsgi:error] [pid 2461:tid 3050871616] Not Found: /\\static\\jqueryui\\jquery-ui.min.js
[Fri Jun 09 14:48:00.608124 2017] [wsgi:error] [pid 2462:tid 3050871616] Not Found: /\\static\\jqueryui\\jquery-ui.min.js
[Fri Jun 09 14:48:01.961386 2017] [wsgi:error] [pid 2462:tid 3034086208] Not Found: /accounts/login/\\static\\jqueryui\\jquery-ui.min.css
[Fri Jun 09 14:48:01.971721 2017] [wsgi:error] [pid 2461:tid 3050871616] Not Found: /accounts/login/\\static\\jqueryui\\jquery-ui.theme.css
[Fri Jun 09 14:48:01.979676 2017] [wsgi:error] [pid 2462:tid 3050871616] Not Found: /accounts/login/\\static\\jqueryui\\jquery-ui.min.js
[Fri Jun 09 14:48:02.255248 2017] [wsgi:error] [pid 2461:tid 3025693504] Not Found: /accounts/login/\\static\\jqueryui\\jquery-ui.min.js
[Fri Jun 09 14:48:07.163434 2017] [wsgi:error] [pid 2462:tid 3050871616] Not Found: /\\static\\jqueryui\\jquery-ui.min.css
[Fri Jun 09 14:48:07.169307 2017] [wsgi:error] [pid 2461:tid 3025693504] Not Found: /\\static\\jqueryui\\jquery-ui.theme.css
[Fri Jun 09 14:48:07.180638 2017] [wsgi:error] [pid 2462:tid 3034086208] Not Found: /\\static\\jqueryui\\jquery-ui.min.js
[Fri Jun 09 14:48:07.435668 2017] [wsgi:error] [pid 2461:tid 3050871616] Not Found: /\\static\\jqueryui\\jquery-ui.min.js
[Fri Jun 09 14:49:14.154809 2017] [wsgi:error] [pid 2462:tid 3034086208] Not Found: /\\static\\jqueryui\\jquery-ui.min.css
[Fri Jun 09 14:49:14.166887 2017] [wsgi:error] [pid 2461:tid 3050871616] Not Found: /\\static\\jqueryui\\jquery-ui.theme.css
[Fri Jun 09 14:49:14.181924 2017] [wsgi:error] [pid 2462:tid 3050871616] Not Found: /\\static\\jqueryui\\jquery-ui.min.js
[Fri Jun 09 14:49:14.438313 2017] [wsgi:error] [pid 2461:tid 3025693504] Not Found: /\\static\\jqueryui\\jquery-ui.min.js
[Fri Jun 09 14:51:30.085165 2017] [wsgi:error] [pid 2461:tid 3050871616] Not Found: /\\static\\jqueryui\\jquery-ui.min.css
[Fri Jun 09 14:51:30.094310 2017] [wsgi:error] [pid 2462:tid 3050871616] Not Found: /\\static\\jqueryui\\jquery-ui.theme.css
[Fri Jun 09 14:51:30.105138 2017] [wsgi:error] [pid 2461:tid 3025693504] Not Found: /\\static\\jqueryui\\jquery-ui.min.js
[Fri Jun 09 14:51:30.271425 2017] [wsgi:error] [pid 2462:tid 3034086208] Not Found: /\\static\\jqueryui\\jquery-ui.min.js
[Fri Jun 09 14:57:01.220685 2017] [wsgi:error] [pid 2462:tid 3050871616] Not Found: /\\static\\jqueryui\\jquery-ui.min.css
[Fri Jun 09 14:57:01.244139 2017] [wsgi:error] [pid 2462:tid 3034086208] Not Found: /\\static\\jqueryui\\jquery-ui.min.js
[Fri Jun 09 14:57:01.246584 2017] [wsgi:error] [pid 2461:tid 3025693504] Not Found: /\\static\\jqueryui\\jquery-ui.theme.css
[Fri Jun 09 14:57:01.530910 2017] [wsgi:error] [pid 2461:tid 3050871616] Not Found: /\\static\\jqueryui\\jquery-ui.min.js
[Fri Jun 09 15:02:39.984261 2017] [wsgi:error] [pid 2461:tid 3025693504] Not Found: /\\static\\jqueryui\\jquery-ui.min.css
[Fri Jun 09 15:02:39.999416 2017] [wsgi:error] [pid 2462:tid 3034086208] Not Found: /\\static\\jqueryui\\jquery-ui.theme.css
[Fri Jun 09 15:02:40.007967 2017] [wsgi:error] [pid 2461:tid 3050871616] Not Found: /\\static\\jqueryui\\jquery-ui.min.js
[Fri Jun 09 15:02:40.284072 2017] [wsgi:error] [pid 2462:tid 3050871616] Not Found: /\\static\\jqueryui\\jquery-ui.min.js
[Fri Jun 09 15:02:54.059500 2017] [wsgi:error] [pid 2462:tid 3034086208] Not Found: /\\static\\jqueryui\\jquery-ui.min.css
[Fri Jun 09 15:02:54.071337 2017] [wsgi:error] [pid 2461:tid 3050871616] Not Found: /\\static\\jqueryui\\jquery-ui.theme.css
[Fri Jun 09 15:02:54.079678 2017] [wsgi:error] [pid 2462:tid 3050871616] Not Found: /\\static\\jqueryui\\jquery-ui.min.js
[Fri Jun 09 15:02:54.279581 2017] [wsgi:error] [pid 2461:tid 3025693504] Not Found: /\\static\\jqueryui\\jquery-ui.min.js
[Fri Jun 09 15:04:17.607678 2017] [wsgi:error] [pid 2462:tid 3050871616] Not Found: /\\static\\jqueryui\\jquery-ui.theme.css
[Fri Jun 09 15:04:17.610715 2017] [wsgi:error] [pid 2461:tid 3050871616] Not Found: /\\static\\jqueryui\\jquery-ui.min.css
[Fri Jun 09 15:04:17.622928 2017] [wsgi:error] [pid 2461:tid 3025693504] Not Found: /\\static\\jqueryui\\jquery-ui.min.js
[Fri Jun 09 15:04:18.007648 2017] [wsgi:error] [pid 2462:tid 3034086208] Not Found: /\\static\\jqueryui\\jquery-ui.min.js
[Fri Jun 09 15:05:04.598937 2017] [wsgi:error] [pid 2461:tid 3025693504] Not Found: /\\static\\jqueryui\\jquery-ui.theme.css
[Fri Jun 09 15:05:04.603147 2017] [wsgi:error] [pid 2462:tid 3050871616] Not Found: /\\static\\jqueryui\\jquery-ui.min.css
[Fri Jun 09 15:05:04.612325 2017] [wsgi:error] [pid 2462:tid 3034086208] Not Found: /\\static\\jqueryui\\jquery-ui.min.js
[Fri Jun 09 15:05:04.846452 2017] [wsgi:error] [pid 2461:tid 3050871616] Not Found: /\\static\\jqueryui\\jquery-ui.min.js
[Fri Jun 09 15:05:07.000819 2017] [wsgi:error] [pid 2461:tid 3025693504] Not Found: /sport/sports/\\static\\jqueryui\\jquery-ui.min.css
[Fri Jun 09 15:05:07.007032 2017] [wsgi:error] [pid 2462:tid 3034086208] Not Found: /sport/sports/\\static\\jqueryui\\jquery-ui.theme.css
[Fri Jun 09 15:05:07.027752 2017] [wsgi:error] [pid 2461:tid 3050871616] Not Found: /sport/sports/\\static\\jqueryui\\jquery-ui.min.js
[Fri Jun 09 15:05:07.244669 2017] [wsgi:error] [pid 2462:tid 3050871616] Not Found: /sport/sports/\\static\\jqueryui\\jquery-ui.min.js
[Fri Jun 09 15:05:08.551042 2017] [wsgi:error] [pid 2462:tid 3034086208] Not Found: /sport/loc/\\static\\jqueryui\\jquery-ui.min.css
[Fri Jun 09 15:05:08.570031 2017] [wsgi:error] [pid 2461:tid 3050871616] Not Found: /sport/loc/\\static\\jqueryui\\jquery-ui.theme.css
[Fri Jun 09 15:05:08.579918 2017] [wsgi:error] [pid 2462:tid 3050871616] Not Found: /sport/loc/\\static\\jqueryui\\jquery-ui.min.js
[Fri Jun 09 15:05:08.810895 2017] [wsgi:error] [pid 2461:tid 3034086208] Not Found: /sport/loc/\\static\\jqueryui\\jquery-ui.min.js
[Fri Jun 09 15:05:13.777473 2017] [wsgi:error] [pid 2461:tid 3025693504] Not Found: /\\static\\jqueryui\\jquery-ui.min.css
[Fri Jun 09 15:05:13.785461 2017] [wsgi:error] [pid 2462:tid 3050871616] Not Found: /\\static\\jqueryui\\jquery-ui.theme.css
[Fri Jun 09 15:05:13.795823 2017] [wsgi:error] [pid 2461:tid 3034086208] Not Found: /\\static\\jqueryui\\jquery-ui.min.js
[Fri Jun 09 15:05:14.182509 2017] [wsgi:error] [pid 2462:tid 3025693504] Not Found: /\\static\\jqueryui\\jquery-ui.min.js
[Fri Jun 09 15:09:05.348927 2017] [wsgi:error] [pid 2462:tid 3050871616] Not Found: /\\static\\jqueryui\\jquery-ui.min.css
[Fri Jun 09 15:09:05.367851 2017] [wsgi:error] [pid 2462:tid 3025693504] Not Found: /\\static\\jqueryui\\jquery-ui.min.js
[Fri Jun 09 15:09:05.373794 2017] [wsgi:error] [pid 2461:tid 3034086208] Not Found: /\\static\\jqueryui\\jquery-ui.theme.css
[Fri Jun 09 15:09:06.586103 2017] [wsgi:error] [pid 2462:tid 3050871616] Not Found: /\\static\\jqueryui\\jquery-ui.min.css
[Fri Jun 09 15:09:06.593565 2017] [wsgi:error] [pid 2462:tid 3025693504] Not Found: /\\static\\jqueryui\\jquery-ui.min.js
[Fri Jun 09 15:09:06.596678 2017] [wsgi:error] [pid 2461:tid 3034086208] Not Found: /\\static\\jqueryui\\jquery-ui.theme.css
